### Optimizer display
--- Circuit
  15 bits integers
  8 manp (maxi log2 norm2)
--- User config
  1.000000e-02 error per pbs call
  1.000000e+00 error per circuit call
-- Solution correctness
  For each pbs call:  1/100, p_error (9.910460e-03)
  For the full circuit: 1/1 global_p_error(9.781728e-01)
--- Complexity for the full circuit
  1.009502e+07 Millions Operations
-- Dag Solution
  2x glwe_dimension
  2**10 polynomial (1024)
  726 lwe dimension 
  keyswitch l,b=7,2
  blindrota l,b=8,5
  wopPbs : true
    |cb_decomp l,b=4,6
    |pp_decomp l,b=3,12
###
Using device: cuda:0
Loading test features and labels...
Number of test samples: 1000
Loading existing client and server...
Processing test set...

Processing batches:   0%|          | 0/1000 [00:00<?, ?it/s]
Processing batches:   0%|          | 1/1000 [09:52<164:23:31, 592.40s/it]
Processing batches:   0%|          | 2/1000 [19:57<166:18:54, 599.93s/it]
Processing batches:   0%|          | 3/1000 [30:21<169:11:37, 610.93s/it]
Processing batches:   0%|          | 4/1000 [40:52<171:12:35, 618.83s/it]
Processing batches:   0%|          | 5/1000 [51:40<173:55:07, 629.25s/it]
Processing batches:   1%|          | 6/1000 [1:02:18<174:35:05, 632.30s/it]
Processing batches:   1%|          | 7/1000 [1:12:54<174:43:55, 633.47s/it]
Processing batches:   1%|          | 8/1000 [1:23:02<172:18:30, 625.31s/it]
Processing batches:   1%|          | 9/1000 [1:33:29<172:19:46, 626.02s/it]
Processing batches:   1%|          | 10/1000 [1:43:25<169:35:20, 616.69s/it]
Processing batches:   1%|          | 11/1000 [1:53:37<169:00:20, 615.19s/it]
Processing batches:   1%|          | 12/1000 [2:04:00<169:30:02, 617.61s/it]
Processing batches:   1%|▏         | 13/1000 [2:13:34<165:41:21, 604.34s/it]
Processing batches:   1%|▏         | 14/1000 [2:24:12<168:20:06, 614.61s/it]
Processing batches:   2%|▏         | 15/1000 [2:34:23<167:50:54, 613.46s/it]
Processing batches:   2%|▏         | 16/1000 [2:45:14<170:45:27, 624.72s/it]
Processing batches:   2%|▏         | 17/1000 [2:56:06<172:52:29, 633.11s/it]
Processing batches:   2%|▏         | 18/1000 [3:07:11<175:17:57, 642.64s/it]
Processing batches:   2%|▏         | 19/1000 [3:17:42<174:09:15, 639.10s/it]
Processing batches:   2%|▏         | 20/1000 [3:28:20<173:51:19, 638.65s/it]
Processing batches:   2%|▏         | 21/1000 [3:38:12<169:53:27, 624.73s/it]
Processing batches:   2%|▏         | 22/1000 [3:48:42<170:10:46, 626.43s/it]
Processing batches:   2%|▏         | 23/1000 [3:59:30<171:44:10, 632.81s/it]
Processing batches:   2%|▏         | 24/1000 [4:10:28<173:38:20, 640.47s/it]
Processing batches:   2%|▎         | 25/1000 [4:21:23<174:33:59, 644.55s/it]
Processing batches:   3%|▎         | 26/1000 [4:32:02<173:59:53, 643.11s/it]
Processing batches:   3%|▎         | 27/1000 [4:42:36<173:05:24, 640.42s/it]
Processing batches:   3%|▎         | 28/1000 [4:53:49<175:30:53, 650.05s/it]
Processing batches:   3%|▎         | 29/1000 [5:04:41<175:30:12, 650.68s/it]
Processing batches:   3%|▎         | 30/1000 [5:16:23<179:29:22, 666.15s/it]
Processing batches:   3%|▎         | 31/1000 [5:26:56<176:38:11, 656.23s/it]
Processing batches:   3%|▎         | 32/1000 [5:37:03<172:28:29, 641.44s/it]
Processing batches:   3%|▎         | 33/1000 [5:47:40<171:53:13, 639.91s/it]
Processing batches:   3%|▎         | 34/1000 [5:58:14<171:15:10, 638.21s/it]
Processing batches:   4%|▎         | 35/1000 [6:08:56<171:24:46, 639.47s/it]
Processing batches:   4%|▎         | 36/1000 [6:19:36<171:14:44, 639.51s/it]
Processing batches:   4%|▎         | 37/1000 [6:29:46<168:40:15, 630.55s/it]
Processing batches:   4%|▍         | 38/1000 [6:39:56<166:52:25, 624.48s/it]
Processing batches:   4%|▍         | 39/1000 [6:49:40<163:28:36, 612.40s/it]
Processing batches:   4%|▍         | 40/1000 [6:59:38<162:11:00, 608.19s/it]
Processing batches:   4%|▍         | 41/1000 [7:09:43<161:43:59, 607.13s/it]
Processing batches:   4%|▍         | 42/1000 [7:20:07<162:54:37, 612.19s/it]
Processing batches:   4%|▍         | 43/1000 [7:30:24<163:05:18, 613.50s/it]
Processing batches:   4%|▍         | 44/1000 [7:40:44<163:26:01, 615.44s/it]
Processing batches:   4%|▍         | 45/1000 [7:50:50<162:32:13, 612.71s/it]
Processing batches:   5%|▍         | 46/1000 [8:01:34<164:51:13, 622.09s/it]
Processing batches:   5%|▍         | 47/1000 [8:12:32<167:31:44, 632.85s/it]
Processing batches:   5%|▍         | 48/1000 [8:23:13<168:02:38, 635.46s/it]
Processing batches:   5%|▍         | 49/1000 [8:33:22<165:43:23, 627.34s/it]
Processing batches:   5%|▌         | 50/1000 [8:43:01<161:42:32, 612.79s/it]
Processing batches:   5%|▌         | 51/1000 [8:53:09<161:10:58, 611.44s/it]
Processing batches:   5%|▌         | 52/1000 [9:03:51<163:27:49, 620.75s/it]
Processing batches:   5%|▌         | 53/1000 [9:14:32<164:52:58, 626.80s/it]
Processing batches:   5%|▌         | 54/1000 [9:25:03<165:01:05, 627.98s/it]
Processing batches:   6%|▌         | 55/1000 [9:35:13<163:26:58, 622.66s/it]
Processing batches:   6%|▌         | 56/1000 [9:45:35<163:11:25, 622.34s/it]
Processing batches:   6%|▌         | 57/1000 [9:55:45<162:04:44, 618.75s/it]
Processing batches:   6%|▌         | 58/1000 [10:05:57<161:18:53, 616.49s/it]
Processing batches:   6%|▌         | 59/1000 [10:16:18<161:32:19, 618.00s/it]
Processing batches:   6%|▌         | 60/1000 [10:26:02<158:39:36, 607.63s/it]
Processing batches:   6%|▌         | 61/1000 [10:36:21<159:24:51, 611.17s/it]
Processing batches:   6%|▌         | 62/1000 [10:46:49<160:35:04, 616.32s/it]
Processing batches:   6%|▋         | 63/1000 [10:57:01<160:03:20, 614.94s/it]
Processing batches:   6%|▋         | 64/1000 [11:07:30<160:57:21, 619.06s/it]
Processing batches:   6%|▋         | 65/1000 [11:18:27<163:45:01, 630.48s/it]
Processing batches:   7%|▋         | 66/1000 [11:29:01<163:54:07, 631.74s/it]
Processing batches:   7%|▋         | 67/1000 [11:39:26<163:08:37, 629.49s/it]
Processing batches:   7%|▋         | 68/1000 [11:50:10<164:05:49, 633.85s/it]
Processing batches:   7%|▋         | 69/1000 [12:00:50<164:24:04, 635.71s/it]
Processing batches:   7%|▋         | 70/1000 [12:11:30<164:34:19, 637.05s/it]
Processing batches:   7%|▋         | 71/1000 [12:22:05<164:15:06, 636.50s/it]
Processing batches:   7%|▋         | 72/1000 [12:32:47<164:30:48, 638.20s/it]
Processing batches:   7%|▋         | 73/1000 [12:43:34<164:57:58, 640.65s/it]
Processing batches:   7%|▋         | 74/1000 [12:54:23<165:25:58, 643.15s/it]
Processing batches:   8%|▊         | 75/1000 [13:05:09<165:30:29, 644.14s/it]
Processing batches:   8%|▊         | 76/1000 [13:15:49<164:59:39, 642.84s/it]
Processing batches:   8%|▊         | 77/1000 [13:26:07<162:52:30, 635.27s/it]
Processing batches:   8%|▊         | 78/1000 [13:36:01<159:35:23, 623.13s/it]
Processing batches:   8%|▊         | 79/1000 [13:46:19<158:57:47, 621.35s/it]
Processing batches:   8%|▊         | 80/1000 [13:57:06<160:45:30, 629.05s/it]
Processing batches:   8%|▊         | 81/1000 [14:08:08<163:09:15, 639.12s/it]
Processing batches:   8%|▊         | 82/1000 [14:17:57<159:09:13, 624.13s/it]
Processing batches:   8%|▊         | 83/1000 [14:28:16<158:32:18, 622.40s/it]
Processing batches:   8%|▊         | 84/1000 [14:38:57<159:47:53, 628.03s/it]
Processing batches:   8%|▊         | 85/1000 [14:49:14<158:45:53, 624.65s/it]
Processing batches:   9%|▊         | 86/1000 [14:59:42<158:52:46, 625.78s/it]
Processing batches:   9%|▊         | 87/1000 [15:10:10<158:50:32, 626.32s/it]
Processing batches:   9%|▉         | 88/1000 [15:20:43<159:11:09, 628.37s/it]
Processing batches:   9%|▉         | 89/1000 [15:31:04<158:27:55, 626.21s/it]
Processing batches:   9%|▉         | 90/1000 [15:41:25<157:53:56, 624.66s/it]
Processing batches:   9%|▉         | 91/1000 [15:51:53<157:57:09, 625.55s/it]
Processing batches:   9%|▉         | 92/1000 [16:02:40<159:26:09, 632.13s/it]
Processing batches:   9%|▉         | 93/1000 [16:13:14<159:21:27, 632.51s/it]
Processing batches:   9%|▉         | 94/1000 [16:23:49<159:23:37, 633.35s/it]
Processing batches:  10%|▉         | 95/1000 [16:33:55<157:09:16, 625.15s/it]
Processing batches:  10%|▉         | 96/1000 [16:43:38<153:49:24, 612.57s/it]
Processing batches:  10%|▉         | 97/1000 [16:54:16<155:33:53, 620.19s/it]
Processing batches:  10%|▉         | 98/1000 [17:04:23<154:26:01, 616.37s/it]
Processing batches:  10%|▉         | 99/1000 [17:15:13<156:46:47, 626.42s/it]
Processing batches:  10%|█         | 100/1000 [17:25:34<156:12:18, 624.82s/it]
Processing batches:  10%|█         | 101/1000 [17:35:53<155:35:38, 623.07s/it]
Processing batches:  10%|█         | 102/1000 [17:46:30<156:27:43, 627.24s/it]
Processing batches:  10%|█         | 103/1000 [17:56:28<154:03:40, 618.31s/it]
Processing batches:  10%|█         | 104/1000 [18:06:34<153:00:21, 614.76s/it]
Processing batches:  10%|█         | 105/1000 [18:16:36<151:51:03, 610.80s/it]
Processing batches:  11%|█         | 106/1000 [18:27:10<153:23:21, 617.68s/it]
Processing batches:  11%|█         | 107/1000 [18:37:59<155:36:41, 627.33s/it]
Processing batches:  11%|█         | 108/1000 [18:48:49<157:05:50, 634.03s/it]
Processing batches:  11%|█         | 109/1000 [18:59:34<157:45:13, 637.39s/it]
Processing batches:  11%|█         | 110/1000 [19:10:15<157:49:17, 638.38s/it]
Processing batches:  11%|█         | 111/1000 [19:20:57<157:54:41, 639.46s/it]
Processing batches:  11%|█         | 112/1000 [19:30:53<154:33:04, 626.56s/it]
Processing batches:  11%|█▏        | 113/1000 [19:40:47<151:57:26, 616.74s/it]
Processing batches:  11%|█▏        | 114/1000 [19:51:05<151:50:10, 616.94s/it]
Processing batches:  12%|█▏        | 115/1000 [20:01:53<154:00:01, 626.44s/it]
Processing batches:  12%|█▏        | 116/1000 [20:12:16<153:30:56, 625.18s/it]
Processing batches:  12%|█▏        | 117/1000 [20:22:29<152:26:54, 621.53s/it]
Processing batches:  12%|█▏        | 118/1000 [20:32:21<150:07:05, 612.73s/it]
Processing batches:  12%|█▏        | 119/1000 [20:43:01<151:58:10, 620.99s/it]
Processing batches:  12%|█▏        | 120/1000 [20:52:58<150:01:45, 613.76s/it]
Processing batches:  12%|█▏        | 121/1000 [21:03:50<152:39:38, 625.23s/it]
Processing batches:  12%|█▏        | 122/1000 [21:13:43<150:08:35, 615.62s/it]
Processing batches:  12%|█▏        | 123/1000 [21:23:41<148:41:35, 610.37s/it]
Processing batches:  12%|█▏        | 124/1000 [21:34:01<149:13:50, 613.28s/it]
Processing batches:  12%|█▎        | 125/1000 [21:44:18<149:20:09, 614.41s/it]
Processing batches:  13%|█▎        | 126/1000 [21:54:55<150:47:59, 621.14s/it]
Processing batches:  13%|█▎        | 127/1000 [22:05:50<153:04:24, 631.23s/it]
Processing batches:  13%|█▎        | 128/1000 [22:16:21<152:54:14, 631.26s/it]
Processing batches:  13%|█▎        | 129/1000 [22:27:24<155:02:22, 640.81s/it]
Processing batches:  13%|█▎        | 130/1000 [22:38:18<155:48:44, 644.74s/it]
Processing batches:  13%|█▎        | 131/1000 [22:49:44<158:35:49, 657.02s/it]
Processing batches:  13%|█▎        | 132/1000 [23:00:48<158:53:45, 659.02s/it]
Processing batches:  13%|█▎        | 133/1000 [23:11:11<156:09:41, 648.42s/it]
Processing batches:  13%|█▎        | 134/1000 [23:22:00<155:59:52, 648.49s/it]
Processing batches:  14%|█▎        | 135/1000 [23:32:00<152:19:22, 633.95s/it]
Processing batches:  14%|█▎        | 136/1000 [23:42:18<150:58:28, 629.06s/it]
Processing batches:  14%|█▎        | 137/1000 [23:52:30<149:36:39, 624.10s/it]
Processing batches:  14%|█▍        | 138/1000 [24:02:52<149:18:12, 623.54s/it]
Processing batches:  14%|█▍        | 139/1000 [24:13:19<149:21:08, 624.47s/it]
Processing batches:  14%|█▍        | 140/1000 [24:24:04<150:39:41, 630.68s/it]
Processing batches:  14%|█▍        | 141/1000 [24:35:02<152:24:33, 638.73s/it]
Processing batches:  14%|█▍        | 142/1000 [24:45:42<152:22:11, 639.31s/it]
Processing batches:  14%|█▍        | 143/1000 [24:56:24<152:21:23, 640.00s/it]
Processing batches:  14%|█▍        | 144/1000 [25:07:13<152:49:07, 642.70s/it]
Processing batches:  14%|█▍        | 145/1000 [25:17:57<152:43:33, 643.06s/it]
Processing batches:  15%|█▍        | 146/1000 [25:28:43<152:43:36, 643.81s/it]
Processing batches:  15%|█▍        | 147/1000 [25:39:16<151:47:42, 640.64s/it]
Processing batches:  15%|█▍        | 148/1000 [25:49:29<149:39:23, 632.35s/it]
Processing batches:  15%|█▍        | 149/1000 [26:00:11<150:09:57, 635.25s/it]
Processing batches:  15%|█▌        | 150/1000 [26:10:58<150:51:57, 638.96s/it]
Processing batches:  15%|█▌        | 151/1000 [26:21:36<150:36:04, 638.59s/it]
Processing batches:  15%|█▌        | 152/1000 [26:32:13<150:16:15, 637.94s/it]
Processing batches:  15%|█▌        | 153/1000 [26:42:44<149:37:47, 635.97s/it]
Processing batches:  15%|█▌        | 154/1000 [26:52:45<146:57:35, 625.36s/it]
Processing batches:  16%|█▌        | 155/1000 [27:02:55<145:45:25, 620.98s/it]
Processing batches:  16%|█▌        | 156/1000 [27:13:24<146:08:26, 623.35s/it]
Processing batches:  16%|█▌        | 157/1000 [27:23:58<146:41:09, 626.42s/it]
Processing batches:  16%|█▌        | 158/1000 [27:34:40<147:36:11, 631.08s/it]
Processing batches:  16%|█▌        | 159/1000 [27:45:21<148:07:00, 634.03s/it]
Processing batches:  16%|█▌        | 160/1000 [27:54:53<143:37:25, 615.53s/it]
Processing batches:  16%|█▌        | 161/1000 [28:05:06<143:15:17, 614.68s/it]
Processing batches:  16%|█▌        | 162/1000 [28:15:43<144:39:26, 621.44s/it]
Processing batches:  16%|█▋        | 163/1000 [28:25:56<143:56:04, 619.07s/it]
Processing batches:  16%|█▋        | 164/1000 [28:35:47<141:44:45, 610.39s/it]
Processing batches:  16%|█▋        | 165/1000 [28:46:37<144:22:56, 622.49s/it]
Processing batches:  17%|█▋        | 166/1000 [28:57:32<146:27:34, 632.20s/it]
Processing batches:  17%|█▋        | 167/1000 [29:07:40<144:37:09, 625.00s/it]
Processing batches:  17%|█▋        | 168/1000 [29:18:12<144:54:50, 627.03s/it]
Processing batches:  17%|█▋        | 169/1000 [29:28:29<144:02:40, 624.02s/it]
Processing batches:  17%|█▋        | 170/1000 [29:38:56<144:05:13, 624.96s/it]
Processing batches:  17%|█▋        | 171/1000 [29:49:54<146:10:28, 634.78s/it]
Processing batches:  17%|█▋        | 172/1000 [30:00:58<148:03:07, 643.70s/it]
Processing batches:  17%|█▋        | 173/1000 [30:11:39<147:41:14, 642.90s/it]
Processing batches:  17%|█▋        | 174/1000 [30:22:30<148:03:01, 645.26s/it]
Processing batches:  18%|█▊        | 175/1000 [30:33:19<148:08:13, 646.42s/it]
Processing batches:  18%|█▊        | 176/1000 [30:44:12<148:21:22, 648.16s/it]
Processing batches:  18%|█▊        | 177/1000 [30:54:46<147:13:43, 644.01s/it]
Processing batches:  18%|█▊        | 178/1000 [31:05:16<146:06:36, 639.90s/it]
Processing batches:  18%|█▊        | 179/1000 [31:15:39<144:45:06, 634.72s/it]
Processing batches:  18%|█▊        | 180/1000 [31:26:01<143:42:22, 630.91s/it]
Processing batches:  18%|█▊        | 181/1000 [31:36:24<143:00:14, 628.59s/it]
Processing batches:  18%|█▊        | 182/1000 [31:46:28<141:07:08, 621.06s/it]
Processing batches:  18%|█▊        | 183/1000 [31:56:33<139:52:03, 616.31s/it]
Processing batches:  18%|█▊        | 184/1000 [32:06:55<140:06:34, 618.13s/it]
Processing batches:  18%|█▊        | 185/1000 [32:16:41<137:46:22, 608.57s/it]
Processing batches:  19%|█▊        | 186/1000 [32:26:48<137:29:46, 608.09s/it]
Processing batches:  19%|█▊        | 187/1000 [32:36:30<135:33:11, 600.24s/it]
Processing batches:  19%|█▉        | 188/1000 [32:47:04<137:38:08, 610.21s/it]
Processing batches:  19%|█▉        | 189/1000 [32:57:55<140:12:40, 622.39s/it]
Processing batches:  19%|█▉        | 190/1000 [33:08:12<139:42:47, 620.95s/it]
Processing batches:  19%|█▉        | 191/1000 [33:17:52<136:47:01, 608.68s/it]
Processing batches:  19%|█▉        | 192/1000 [33:28:14<137:30:05, 612.63s/it]
Processing batches:  19%|█▉        | 193/1000 [33:38:30<137:33:13, 613.62s/it]
Processing batches:  19%|█▉        | 194/1000 [33:48:49<137:44:07, 615.20s/it]
Processing batches:  20%|█▉        | 195/1000 [33:59:28<139:08:47, 622.27s/it]
Processing batches:  20%|█▉        | 196/1000 [34:10:22<141:06:59, 631.86s/it]
Processing batches:  20%|█▉        | 197/1000 [34:20:49<140:37:17, 630.43s/it]
Processing batches:  20%|█▉        | 198/1000 [34:30:22<136:36:55, 613.24s/it]
Processing batches:  20%|█▉        | 199/1000 [34:41:15<139:04:26, 625.05s/it]
Processing batches:  20%|██        | 200/1000 [34:51:38<138:48:31, 624.64s/it]
Processing batches:  20%|██        | 201/1000 [35:01:50<137:46:57, 620.80s/it]
Processing batches:  20%|██        | 202/1000 [35:11:43<135:45:39, 612.46s/it]
Processing batches:  20%|██        | 203/1000 [35:22:10<136:30:31, 616.60s/it]
Processing batches:  20%|██        | 204/1000 [35:32:51<137:58:59, 624.04s/it]
Processing batches:  20%|██        | 205/1000 [35:43:37<139:16:11, 630.66s/it]
Processing batches:  21%|██        | 206/1000 [35:54:14<139:29:11, 632.43s/it]
Processing batches:  21%|██        | 207/1000 [36:05:00<140:13:22, 636.57s/it]
Processing batches:  21%|██        | 208/1000 [36:15:32<139:46:10, 635.32s/it]
Processing batches:  21%|██        | 209/1000 [36:25:19<136:24:17, 620.81s/it]
Processing batches:  21%|██        | 210/1000 [36:35:41<136:16:22, 620.99s/it]
Processing batches:  21%|██        | 211/1000 [36:46:23<137:30:29, 627.41s/it]
Processing batches:  21%|██        | 212/1000 [36:56:51<137:20:49, 627.47s/it]
Processing batches:  21%|██▏       | 213/1000 [37:06:46<135:04:14, 617.86s/it]
Processing batches:  21%|██▏       | 214/1000 [37:16:51<134:03:24, 614.00s/it]
Processing batches:  22%|██▏       | 215/1000 [37:26:56<133:17:10, 611.25s/it]
Processing batches:  22%|██▏       | 216/1000 [37:37:06<133:01:14, 610.81s/it]
Processing batches:  22%|██▏       | 217/1000 [37:47:25<133:22:48, 613.24s/it]
Processing batches:  22%|██▏       | 218/1000 [37:58:27<136:23:50, 627.92s/it]
Processing batches:  22%|██▏       | 219/1000 [38:09:19<137:47:42, 635.16s/it]
Processing batches:  22%|██▏       | 220/1000 [38:19:33<136:15:44, 628.90s/it]
Processing batches:  22%|██▏       | 221/1000 [38:29:59<135:53:11, 627.97s/it]
Processing batches:  22%|██▏       | 222/1000 [38:40:38<136:26:22, 631.34s/it]
Processing batches:  22%|██▏       | 223/1000 [38:50:51<135:02:33, 625.68s/it]
Processing batches:  22%|██▏       | 224/1000 [39:00:56<133:33:52, 619.63s/it]
Processing batches:  22%|██▎       | 225/1000 [39:10:57<132:11:16, 614.03s/it]
Processing batches:  23%|██▎       | 226/1000 [39:21:51<134:34:54, 625.96s/it]
Processing batches:  23%|██▎       | 227/1000 [39:31:40<132:03:06, 614.99s/it]
Processing batches:  23%|██▎       | 228/1000 [39:41:53<131:45:01, 614.38s/it]
Processing batches:  23%|██▎       | 229/1000 [39:52:30<133:01:22, 621.12s/it]
Processing batches:  23%|██▎       | 230/1000 [40:02:41<132:10:27, 617.96s/it]
Processing batches:  23%|██▎       | 231/1000 [40:12:18<129:25:58, 605.93s/it]
Processing batches:  23%|██▎       | 232/1000 [40:23:10<132:11:45, 619.67s/it]
Processing batches:  23%|██▎       | 233/1000 [40:34:00<133:58:55, 628.86s/it]
Processing batches:  23%|██▎       | 234/1000 [40:44:17<133:01:44, 625.20s/it]
Processing batches:  24%|██▎       | 235/1000 [40:54:15<131:05:29, 616.90s/it]
Processing batches:  24%|██▎       | 236/1000 [41:04:28<130:42:58, 615.94s/it]
Processing batches:  24%|██▎       | 237/1000 [41:14:34<129:52:10, 612.75s/it]
Processing batches:  24%|██▍       | 238/1000 [41:25:01<130:38:11, 617.18s/it]
Processing batches:  24%|██▍       | 239/1000 [41:35:22<130:42:36, 618.34s/it]
Processing batches:  24%|██▍       | 240/1000 [41:45:49<131:03:50, 620.83s/it]
Processing batches:  24%|██▍       | 241/1000 [41:56:17<131:22:14, 623.10s/it]
Processing batches:  24%|██▍       | 242/1000 [42:07:16<133:26:36, 633.77s/it]
Processing batches:  24%|██▍       | 243/1000 [42:18:10<134:33:59, 639.95s/it]
Processing batches:  24%|██▍       | 244/1000 [42:28:31<133:09:14, 634.07s/it]
Processing batches:  24%|██▍       | 245/1000 [42:39:03<132:50:54, 633.45s/it]
Processing batches:  25%|██▍       | 246/1000 [42:49:15<131:20:23, 627.09s/it]
Processing batches:  25%|██▍       | 247/1000 [42:59:29<130:20:40, 623.16s/it]
Processing batches:  25%|██▍       | 248/1000 [43:09:54<130:15:45, 623.60s/it]
Processing batches:  25%|██▍       | 249/1000 [43:20:17<130:05:18, 623.59s/it]
Processing batches:  25%|██▌       | 250/1000 [43:31:05<131:24:23, 630.75s/it]
Processing batches:  25%|██▌       | 251/1000 [43:40:23<126:44:17, 609.16s/it]
Processing batches:  25%|██▌       | 252/1000 [43:44:59<105:45:27, 508.99s/it]
Processing batches:  25%|██▌       | 253/1000 [43:50:01<92:46:50, 447.14s/it] 
Processing batches:  25%|██▌       | 254/1000 [43:55:04<83:40:38, 403.81s/it]
Processing batches:  26%|██▌       | 255/1000 [44:00:07<77:19:07, 373.62s/it]
Processing batches:  26%|██▌       | 256/1000 [44:05:02<72:20:47, 350.06s/it]
Processing batches:  26%|██▌       | 257/1000 [44:09:34<67:22:13, 326.43s/it]
Processing batches:  26%|██▌       | 258/1000 [44:14:13<64:23:38, 312.42s/it]
Processing batches:  26%|██▌       | 259/1000 [44:18:42<61:37:05, 299.36s/it]
Processing batches:  26%|██▌       | 260/1000 [44:23:13<59:44:53, 290.67s/it]
Processing batches:  26%|██▌       | 261/1000 [44:27:45<58:34:01, 285.31s/it]
Processing batches:  26%|██▌       | 262/1000 [44:32:22<57:55:13, 282.54s/it]
Processing batches:  26%|██▋       | 263/1000 [44:36:52<57:05:03, 278.84s/it]
Processing batches:  26%|██▋       | 264/1000 [44:41:18<56:14:36, 275.10s/it]
Processing batches:  26%|██▋       | 265/1000 [44:45:49<55:53:10, 273.73s/it]
Processing batches:  27%|██▋       | 266/1000 [44:50:13<55:15:10, 271.00s/it]
Processing batches:  27%|██▋       | 267/1000 [44:54:39<54:51:22, 269.42s/it]
Processing batches:  27%|██▋       | 268/1000 [44:59:05<54:33:37, 268.33s/it]
Processing batches:  27%|██▋       | 269/1000 [45:03:35<54:35:58, 268.89s/it]
Processing batches:  27%|██▋       | 270/1000 [45:08:01<54:19:18, 267.89s/it]
Processing batches:  27%|██▋       | 271/1000 [45:12:53<55:43:48, 275.21s/it]
Processing batches:  27%|██▋       | 272/1000 [45:17:40<56:24:14, 278.92s/it]
Processing batches:  27%|██▋       | 273/1000 [45:22:27<56:47:02, 281.19s/it]
Processing batches:  27%|██▋       | 274/1000 [45:27:19<57:21:05, 284.39s/it]
Processing batches:  28%|██▊       | 275/1000 [45:32:13<57:50:58, 287.25s/it]
Processing batches:  28%|██▊       | 276/1000 [45:37:01<57:50:43, 287.63s/it]
Processing batches:  28%|██▊       | 277/1000 [45:41:51<57:52:22, 288.16s/it]
Processing batches:  28%|██▊       | 278/1000 [45:46:39<57:46:50, 288.10s/it]
Processing batches:  28%|██▊       | 279/1000 [45:51:24<57:32:30, 287.31s/it]
Processing batches:  28%|██▊       | 280/1000 [45:56:15<57:41:49, 288.49s/it]
Processing batches:  28%|██▊       | 281/1000 [46:01:09<57:55:46, 290.05s/it]
Processing batches:  28%|██▊       | 282/1000 [46:05:56<57:41:07, 289.23s/it]
Processing batches:  28%|██▊       | 283/1000 [46:10:42<57:22:29, 288.08s/it]
Processing batches:  28%|██▊       | 284/1000 [46:15:24<56:58:46, 286.49s/it]
Processing batches:  28%|██▊       | 285/1000 [46:20:04<56:28:25, 284.34s/it]
Processing batches:  29%|██▊       | 286/1000 [46:24:48<56:24:48, 284.44s/it]
Processing batches:  29%|██▊       | 287/1000 [46:29:38<56:39:30, 286.07s/it]
Processing batches:  29%|██▉       | 288/1000 [46:34:27<56:42:56, 286.77s/it]
Processing batches:  29%|██▉       | 289/1000 [46:39:19<56:57:57, 288.44s/it]
Processing batches:  29%|██▉       | 290/1000 [46:44:11<57:06:40, 289.58s/it]
Processing batches:  29%|██▉       | 291/1000 [46:48:55<56:41:27, 287.85s/it]
Processing batches:  29%|██▉       | 292/1000 [46:53:34<56:03:23, 285.03s/it]
Processing batches:  29%|██▉       | 293/1000 [46:58:20<56:02:33, 285.37s/it]
Processing batches:  29%|██▉       | 294/1000 [47:03:03<55:49:46, 284.68s/it]
Processing batches:  30%|██▉       | 295/1000 [47:07:50<55:53:57, 285.44s/it]
Processing batches:  30%|██▉       | 296/1000 [47:12:34<55:45:26, 285.12s/it]
Processing batches:  30%|██▉       | 297/1000 [47:17:09<55:03:05, 281.91s/it]
Processing batches:  30%|██▉       | 298/1000 [47:21:38<54:14:15, 278.14s/it]
Processing batches:  30%|██▉       | 299/1000 [47:26:18<54:14:27, 278.56s/it]
Processing batches:  30%|███       | 300/1000 [47:30:56<54:08:10, 278.41s/it]
Processing batches:  30%|███       | 301/1000 [47:35:30<53:48:32, 277.13s/it]
Processing batches:  30%|███       | 302/1000 [47:40:04<53:33:43, 276.25s/it]
Processing batches:  30%|███       | 303/1000 [47:44:33<53:02:53, 273.99s/it]
Processing batches:  30%|███       | 304/1000 [47:49:02<52:41:26, 272.54s/it]
Processing batches:  30%|███       | 305/1000 [47:53:32<52:27:25, 271.72s/it]
Processing batches:  31%|███       | 306/1000 [47:58:08<52:37:54, 273.02s/it]
Processing batches:  31%|███       | 307/1000 [48:02:36<52:17:16, 271.62s/it]
Processing batches:  31%|███       | 308/1000 [48:07:13<52:31:27, 273.25s/it]
Processing batches:  31%|███       | 309/1000 [48:11:52<52:46:11, 274.92s/it]
Processing batches:  31%|███       | 310/1000 [48:16:27<52:42:27, 275.00s/it]
Processing batches:  31%|███       | 311/1000 [48:21:02<52:35:52, 274.82s/it]
Processing batches:  31%|███       | 312/1000 [48:25:34<52:24:16, 274.21s/it]
Processing batches:  31%|███▏      | 313/1000 [48:30:04<52:04:52, 272.91s/it]
Processing batches:  31%|███▏      | 314/1000 [48:34:39<52:07:28, 273.54s/it]
Processing batches:  32%|███▏      | 315/1000 [48:39:07<51:43:09, 271.81s/it]
Processing batches:  32%|███▏      | 316/1000 [48:43:35<51:26:08, 270.71s/it]
Processing batches:  32%|███▏      | 317/1000 [48:48:06<51:22:26, 270.78s/it]
Processing batches:  32%|███▏      | 318/1000 [48:52:33<51:04:34, 269.61s/it]
Processing batches:  32%|███▏      | 319/1000 [48:57:15<51:40:24, 273.16s/it]
Processing batches:  32%|███▏      | 320/1000 [49:01:49<51:39:22, 273.47s/it]
Processing batches:  32%|███▏      | 321/1000 [49:06:26<51:47:38, 274.61s/it]
Processing batches:  32%|███▏      | 322/1000 [49:11:02<51:48:01, 275.05s/it]
Processing batches:  32%|███▏      | 323/1000 [49:15:38<51:45:11, 275.20s/it]
Processing batches:  32%|███▏      | 324/1000 [49:20:14<51:43:05, 275.42s/it]
Processing batches:  32%|███▎      | 325/1000 [49:24:49<51:37:08, 275.30s/it]
Processing batches:  33%|███▎      | 326/1000 [49:29:25<51:34:40, 275.49s/it]
Processing batches:  33%|███▎      | 327/1000 [49:34:00<51:30:23, 275.52s/it]
Processing batches:  33%|███▎      | 328/1000 [49:38:37<51:29:55, 275.89s/it]
Processing batches:  33%|███▎      | 329/1000 [49:43:05<51:00:19, 273.65s/it]
Processing batches:  33%|███▎      | 330/1000 [49:47:35<50:41:43, 272.39s/it]
Processing batches:  33%|███▎      | 331/1000 [49:52:05<50:30:56, 271.83s/it]
Processing batches:  33%|███▎      | 332/1000 [49:56:36<50:23:18, 271.55s/it]
Processing batches:  33%|███▎      | 333/1000 [50:01:10<50:26:22, 272.24s/it]
Processing batches:  33%|███▎      | 334/1000 [50:05:44<50:27:55, 272.79s/it]
Processing batches:  34%|███▎      | 335/1000 [50:10:15<50:17:44, 272.28s/it]
Processing batches:  34%|███▎      | 336/1000 [50:14:45<50:04:40, 271.51s/it]
Processing batches:  34%|███▎      | 337/1000 [50:19:11<49:42:09, 269.88s/it]
Processing batches:  34%|███▍      | 338/1000 [50:23:36<49:22:54, 268.54s/it]
Processing batches:  34%|███▍      | 339/1000 [50:28:09<49:32:53, 269.85s/it]
Processing batches:  34%|███▍      | 340/1000 [50:32:47<49:54:00, 272.18s/it]
Processing batches:  34%|███▍      | 341/1000 [50:37:28<50:17:16, 274.71s/it]
Processing batches:  34%|███▍      | 342/1000 [50:42:09<50:36:27, 276.88s/it]
Processing batches:  34%|███▍      | 343/1000 [50:46:42<50:19:08, 275.72s/it]
Processing batches:  34%|███▍      | 344/1000 [50:51:17<50:10:50, 275.38s/it]
Processing batches:  34%|███▍      | 345/1000 [50:55:45<49:42:14, 273.18s/it]
Processing batches:  35%|███▍      | 346/1000 [51:00:16<49:30:36, 272.53s/it]
Processing batches:  35%|███▍      | 347/1000 [51:04:45<49:13:15, 271.36s/it]
Processing batches:  35%|███▍      | 348/1000 [51:09:15<49:04:13, 270.94s/it]
Processing batches:  35%|███▍      | 349/1000 [51:13:44<48:55:15, 270.53s/it]
Processing batches:  35%|███▌      | 350/1000 [51:18:19<49:03:46, 271.73s/it]
Processing batches:  35%|███▌      | 351/1000 [51:22:50<48:56:12, 271.45s/it]
Processing batches:  35%|███▌      | 352/1000 [51:27:19<48:46:31, 270.98s/it]
Processing batches:  35%|███▌      | 353/1000 [51:31:51<48:43:23, 271.10s/it]
Processing batches:  35%|███▌      | 354/1000 [51:36:20<48:31:29, 270.42s/it]
Processing batches:  36%|███▌      | 355/1000 [51:40:52<48:34:04, 271.08s/it]
Processing batches:  36%|███▌      | 356/1000 [51:45:21<48:21:04, 270.29s/it]
Processing batches:  36%|███▌      | 357/1000 [51:49:48<48:05:22, 269.24s/it]
Processing batches:  36%|███▌      | 358/1000 [51:54:19<48:06:19, 269.75s/it]
Processing batches:  36%|███▌      | 359/1000 [51:58:53<48:15:47, 271.06s/it]
Processing batches:  36%|███▌      | 360/1000 [52:03:23<48:08:07, 270.76s/it]
Processing batches:  36%|███▌      | 361/1000 [52:07:54<48:04:06, 270.81s/it]
Processing batches:  36%|███▌      | 362/1000 [52:12:27<48:08:54, 271.68s/it]
Processing batches:  36%|███▋      | 363/1000 [52:16:54<47:47:01, 270.05s/it]
Processing batches:  36%|███▋      | 364/1000 [52:21:19<47:28:13, 268.70s/it]
Processing batches:  36%|███▋      | 365/1000 [52:25:49<47:28:23, 269.14s/it]
Processing batches:  37%|███▋      | 366/1000 [52:30:21<47:32:34, 269.96s/it]
Processing batches:  37%|███▋      | 367/1000 [52:34:50<47:25:38, 269.73s/it]
Processing batches:  37%|███▋      | 368/1000 [52:39:20<47:19:20, 269.56s/it]
Processing batches:  37%|███▋      | 369/1000 [52:43:50<47:18:29, 269.90s/it]
Processing batches:  37%|███▋      | 370/1000 [52:48:19<47:09:22, 269.46s/it]
Processing batches:  37%|███▋      | 371/1000 [52:52:51<47:14:34, 270.39s/it]
Processing batches:  37%|███▋      | 372/1000 [52:57:23<47:14:48, 270.84s/it]
Processing batches:  37%|███▋      | 373/1000 [53:01:58<47:23:10, 272.07s/it]
Processing batches:  37%|███▋      | 374/1000 [53:06:28<47:12:46, 271.51s/it]
Processing batches:  38%|███▊      | 375/1000 [53:10:59<47:05:45, 271.27s/it]
Processing batches:  38%|███▊      | 376/1000 [53:15:29<46:57:12, 270.89s/it]
Processing batches:  38%|███▊      | 377/1000 [53:19:54<46:34:01, 269.09s/it]
Processing batches:  38%|███▊      | 378/1000 [53:24:23<46:29:56, 269.13s/it]
Processing batches:  38%|███▊      | 379/1000 [53:28:51<46:21:49, 268.77s/it]
Processing batches:  38%|███▊      | 380/1000 [53:33:20<46:19:06, 268.95s/it]
Processing batches:  38%|███▊      | 381/1000 [53:37:49<46:15:03, 268.99s/it]
Processing batches:  38%|███▊      | 382/1000 [53:42:18<46:10:11, 268.95s/it]
Processing batches:  38%|███▊      | 383/1000 [53:46:47<46:06:09, 268.99s/it]
Processing batches:  38%|███▊      | 384/1000 [53:51:16<46:01:05, 268.94s/it]
Processing batches:  38%|███▊      | 385/1000 [53:55:43<45:50:52, 268.38s/it]
Processing batches:  39%|███▊      | 386/1000 [54:00:09<45:39:30, 267.70s/it]
Processing batches:  39%|███▊      | 387/1000 [54:04:40<45:44:41, 268.65s/it]
Processing batches:  39%|███▉      | 388/1000 [54:09:13<45:51:27, 269.75s/it]
Processing batches:  39%|███▉      | 389/1000 [54:13:36<45:26:44, 267.77s/it]
Processing batches:  39%|███▉      | 390/1000 [54:18:04<45:24:20, 267.97s/it]
Processing batches:  39%|███▉      | 391/1000 [54:22:34<45:26:36, 268.63s/it]
Processing batches:  39%|███▉      | 392/1000 [54:27:11<45:46:21, 271.02s/it]
Processing batches:  39%|███▉      | 393/1000 [54:31:38<45:28:50, 269.74s/it]
Processing batches:  39%|███▉      | 394/1000 [54:36:10<45:30:47, 270.38s/it]
Processing batches:  40%|███▉      | 395/1000 [54:40:40<45:25:34, 270.30s/it]
Processing batches:  40%|███▉      | 396/1000 [54:45:11<45:23:36, 270.56s/it]
Processing batches:  40%|███▉      | 397/1000 [54:49:34<44:55:54, 268.25s/it]
Processing batches:  40%|███▉      | 398/1000 [54:53:56<44:34:17, 266.54s/it]
Processing batches:  40%|███▉      | 399/1000 [54:58:31<44:54:01, 268.95s/it]
Processing batches:  40%|████      | 400/1000 [55:02:57<44:40:14, 268.02s/it]
Processing batches:  40%|████      | 401/1000 [55:07:25<44:37:39, 268.21s/it]
Processing batches:  40%|████      | 402/1000 [55:11:55<44:36:06, 268.51s/it]
Processing batches:  40%|████      | 403/1000 [55:16:16<44:11:21, 266.47s/it]
Processing batches:  40%|████      | 404/1000 [55:20:39<43:56:05, 265.38s/it]
Processing batches:  40%|████      | 405/1000 [55:25:07<43:58:53, 266.11s/it]
Processing batches:  41%|████      | 406/1000 [55:29:39<44:11:35, 267.84s/it]
Processing batches:  41%|████      | 407/1000 [55:34:09<44:15:10, 268.65s/it]
Processing batches:  41%|████      | 408/1000 [55:38:38<44:10:56, 268.68s/it]
Processing batches:  41%|████      | 409/1000 [55:43:07<44:08:22, 268.87s/it]
Processing batches:  41%|████      | 410/1000 [55:47:33<43:54:06, 267.88s/it]
Processing batches:  41%|████      | 411/1000 [55:52:01<43:49:33, 267.87s/it]
Processing batches:  41%|████      | 412/1000 [55:56:31<43:53:16, 268.70s/it]
Processing batches:  41%|████▏     | 413/1000 [56:01:00<43:48:13, 268.64s/it]
Processing batches:  41%|████▏     | 414/1000 [56:05:29<43:46:22, 268.91s/it]
Processing batches:  42%|████▏     | 415/1000 [56:10:02<43:52:40, 270.02s/it]
Processing batches:  42%|████▏     | 416/1000 [56:14:31<43:44:14, 269.61s/it]
Processing batches:  42%|████▏     | 417/1000 [56:18:59<43:35:45, 269.20s/it]
Processing batches:  42%|████▏     | 418/1000 [56:23:27<43:26:34, 268.72s/it]
Processing batches:  42%|████▏     | 419/1000 [56:27:53<43:15:32, 268.04s/it]
Processing batches:  42%|████▏     | 420/1000 [56:32:26<43:26:17, 269.62s/it]
Processing batches:  42%|████▏     | 421/1000 [56:36:53<43:12:17, 268.63s/it]
Processing batches:  42%|████▏     | 422/1000 [56:41:21<43:05:58, 268.44s/it]
Processing batches:  42%|████▏     | 423/1000 [56:45:49<43:01:23, 268.43s/it]
Processing batches:  42%|████▏     | 424/1000 [56:50:21<43:06:54, 269.47s/it]
Processing batches:  42%|████▎     | 425/1000 [56:54:51<43:04:22, 269.67s/it]
Processing batches:  43%|████▎     | 426/1000 [56:59:29<43:22:49, 272.07s/it]
Processing batches:  43%|████▎     | 427/1000 [57:03:56<43:05:03, 270.69s/it]
Processing batches:  43%|████▎     | 428/1000 [57:08:20<42:41:25, 268.68s/it]
Processing batches:  43%|████▎     | 429/1000 [57:12:49<42:36:32, 268.64s/it]
Processing batches:  43%|████▎     | 430/1000 [57:17:14<42:23:29, 267.74s/it]
Processing batches:  43%|████▎     | 431/1000 [57:21:46<42:31:12, 269.02s/it]
Processing batches:  43%|████▎     | 432/1000 [57:26:19<42:37:09, 270.12s/it]
Processing batches:  43%|████▎     | 433/1000 [57:30:49<42:31:50, 270.04s/it]
Processing batches:  43%|████▎     | 434/1000 [57:35:17<42:22:05, 269.48s/it]
Processing batches:  44%|████▎     | 435/1000 [57:39:45<42:12:54, 268.98s/it]
Processing batches:  44%|████▎     | 436/1000 [57:44:12<42:03:26, 268.45s/it]
Processing batches:  44%|████▎     | 437/1000 [57:48:46<42:13:00, 269.95s/it]
Processing batches:  44%|████▍     | 438/1000 [57:53:16<42:09:18, 270.03s/it]
Processing batches:  44%|████▍     | 439/1000 [57:57:45<42:01:33, 269.68s/it]
Processing batches:  44%|████▍     | 440/1000 [58:02:10<41:44:16, 268.32s/it]
Processing batches:  44%|████▍     | 441/1000 [58:06:41<41:47:20, 269.12s/it]
Processing batches:  44%|████▍     | 442/1000 [58:11:04<41:26:57, 267.42s/it]
Processing batches:  44%|████▍     | 443/1000 [58:15:34<41:28:06, 268.02s/it]
Processing batches:  44%|████▍     | 444/1000 [58:20:06<41:34:42, 269.21s/it]
Processing batches:  44%|████▍     | 445/1000 [58:24:34<41:27:22, 268.91s/it]
Processing batches:  45%|████▍     | 446/1000 [58:29:03<41:22:33, 268.87s/it]
Processing batches:  45%|████▍     | 447/1000 [58:33:31<41:16:48, 268.73s/it]
Processing batches:  45%|████▍     | 448/1000 [58:37:56<41:03:09, 267.73s/it]
Processing batches:  45%|████▍     | 449/1000 [58:42:29<41:13:06, 269.30s/it]
Processing batches:  45%|████▌     | 450/1000 [58:46:59<41:09:29, 269.40s/it]
Processing batches:  45%|████▌     | 451/1000 [58:51:31<41:13:03, 270.28s/it]
Processing batches:  45%|████▌     | 452/1000 [58:55:57<40:55:32, 268.85s/it]
Processing batches:  45%|████▌     | 453/1000 [59:00:24<40:45:10, 268.21s/it]
Processing batches:  45%|████▌     | 454/1000 [59:04:51<40:37:58, 267.91s/it]
Processing batches:  46%|████▌     | 455/1000 [59:09:22<40:42:57, 268.95s/it]
Processing batches:  46%|████▌     | 456/1000 [59:13:50<40:36:29, 268.73s/it]
Processing batches:  46%|████▌     | 457/1000 [59:18:21<40:36:48, 269.26s/it]
Processing batches:  46%|████▌     | 458/1000 [59:22:48<40:25:34, 268.51s/it]
Processing batches:  46%|████▌     | 459/1000 [59:27:18<40:26:55, 269.16s/it]
Processing batches:  46%|████▌     | 460/1000 [59:31:41<40:03:45, 267.08s/it]
Processing batches:  46%|████▌     | 461/1000 [59:36:14<40:15:42, 268.91s/it]
Processing batches:  46%|████▌     | 462/1000 [59:40:46<40:20:12, 269.91s/it]
Processing batches:  46%|████▋     | 463/1000 [59:45:10<39:59:59, 268.16s/it]
Processing batches:  46%|████▋     | 464/1000 [59:49:38<39:55:32, 268.16s/it]
Processing batches:  46%|████▋     | 465/1000 [59:54:07<39:53:31, 268.43s/it]
Processing batches:  47%|████▋     | 466/1000 [59:58:33<39:41:52, 267.63s/it]
Processing batches:  47%|████▋     | 467/1000 [60:02:58<39:29:44, 266.76s/it]
Processing batches:  47%|████▋     | 468/1000 [60:07:28<39:33:32, 267.69s/it]
Processing batches:  47%|████▋     | 469/1000 [60:11:54<39:26:37, 267.41s/it]
Processing batches:  47%|████▋     | 470/1000 [60:16:21<39:21:03, 267.29s/it]
Processing batches:  47%|████▋     | 471/1000 [60:20:52<39:23:58, 268.13s/it]
Processing batches:  47%|████▋     | 472/1000 [60:25:22<39:26:25, 268.91s/it]
Processing batches:  47%|████▋     | 473/1000 [60:29:51<39:20:39, 268.77s/it]
Processing batches:  47%|████▋     | 474/1000 [60:34:21<39:18:58, 269.08s/it]
Processing batches:  48%|████▊     | 475/1000 [60:38:48<39:09:09, 268.48s/it]
Processing batches:  48%|████▊     | 476/1000 [60:43:13<38:57:16, 267.63s/it]
Processing batches:  48%|████▊     | 477/1000 [60:47:45<39:03:01, 268.80s/it]
Processing batches:  48%|████▊     | 478/1000 [60:52:17<39:08:00, 269.89s/it]
Processing batches:  48%|████▊     | 479/1000 [60:56:49<39:09:21, 270.56s/it]
Processing batches:  48%|████▊     | 480/1000 [61:01:17<38:57:27, 269.71s/it]
Processing batches:  48%|████▊     | 481/1000 [61:05:47<38:53:19, 269.75s/it]
Processing batches:  48%|████▊     | 482/1000 [61:10:19<38:54:46, 270.44s/it]
Processing batches:  48%|████▊     | 483/1000 [61:14:43<38:34:33, 268.61s/it]
Processing batches:  48%|████▊     | 484/1000 [61:19:07<38:18:28, 267.27s/it]
Processing batches:  48%|████▊     | 485/1000 [61:23:37<38:21:11, 268.10s/it]
Processing batches:  49%|████▊     | 486/1000 [61:28:03<38:10:42, 267.40s/it]
Processing batches:  49%|████▊     | 487/1000 [61:32:26<37:54:03, 265.97s/it]
Processing batches:  49%|████▉     | 488/1000 [61:37:01<38:12:32, 268.66s/it]
Processing batches:  49%|████▉     | 489/1000 [61:41:33<38:18:21, 269.87s/it]
Processing batches:  49%|████▉     | 490/1000 [61:45:58<37:59:10, 268.14s/it]
Processing batches:  49%|████▉     | 491/1000 [61:50:21<37:43:46, 266.85s/it]
Processing batches:  49%|████▉     | 492/1000 [61:54:49<37:42:22, 267.21s/it]
Processing batches:  49%|████▉     | 493/1000 [61:59:18<37:41:28, 267.63s/it]
Processing batches:  49%|████▉     | 494/1000 [62:03:44<37:31:41, 267.00s/it]
Processing batches:  50%|████▉     | 495/1000 [62:08:09<37:22:11, 266.40s/it]
Processing batches:  50%|████▉     | 496/1000 [62:12:38<37:26:08, 267.40s/it]
Processing batches:  50%|████▉     | 497/1000 [62:17:03<37:15:37, 266.68s/it]
Processing batches:  50%|████▉     | 498/1000 [62:21:33<37:18:02, 267.49s/it]
Processing batches:  50%|████▉     | 499/1000 [62:26:03<37:21:35, 268.45s/it]
Processing batches:  50%|█████     | 500/1000 [62:30:35<37:25:41, 269.48s/it]
Processing batches:  50%|█████     | 501/1000 [62:35:04<37:20:09, 269.36s/it]
Processing batches:  50%|█████     | 502/1000 [62:39:31<37:09:32, 268.62s/it]
Processing batches:  50%|█████     | 503/1000 [62:44:00<37:04:49, 268.59s/it]
Processing batches:  50%|█████     | 504/1000 [62:48:26<36:55:36, 268.02s/it]
Processing batches:  50%|█████     | 505/1000 [62:52:47<36:33:22, 265.86s/it]
Processing batches:  51%|█████     | 506/1000 [62:57:15<36:33:27, 266.41s/it]
Processing batches:  51%|█████     | 507/1000 [63:01:42<36:30:55, 266.64s/it]
Processing batches:  51%|█████     | 508/1000 [63:06:11<36:30:38, 267.15s/it]
Processing batches:  51%|█████     | 509/1000 [63:10:38<36:27:51, 267.35s/it]
Processing batches:  51%|█████     | 510/1000 [63:15:03<36:17:30, 266.63s/it]
Processing batches:  51%|█████     | 511/1000 [63:19:32<36:18:30, 267.30s/it]
Processing batches:  51%|█████     | 512/1000 [63:23:57<36:09:06, 266.69s/it]
Processing batches:  51%|█████▏    | 513/1000 [63:28:27<36:12:08, 267.62s/it]
Processing batches:  51%|█████▏    | 514/1000 [63:32:55<36:07:36, 267.61s/it]
Processing batches:  52%|█████▏    | 515/1000 [63:37:23<36:04:09, 267.73s/it]
Processing batches:  52%|█████▏    | 516/1000 [63:41:50<35:57:26, 267.45s/it]
Processing batches:  52%|█████▏    | 517/1000 [63:46:18<35:54:55, 267.69s/it]
Processing batches:  52%|█████▏    | 518/1000 [63:50:47<35:54:32, 268.20s/it]
Processing batches:  52%|█████▏    | 519/1000 [63:55:10<35:37:30, 266.63s/it]
Processing batches:  52%|█████▏    | 520/1000 [63:59:32<35:21:34, 265.20s/it]
Processing batches:  52%|█████▏    | 521/1000 [64:04:03<35:31:53, 267.04s/it]
Processing batches:  52%|█████▏    | 522/1000 [64:08:26<35:16:56, 265.73s/it]
Processing batches:  52%|█████▏    | 523/1000 [64:12:56<35:22:47, 267.02s/it]
Processing batches:  52%|█████▏    | 524/1000 [64:17:23<35:19:05, 267.11s/it]
Processing batches:  52%|█████▎    | 525/1000 [64:21:55<35:24:14, 268.32s/it]
Processing batches:  53%|█████▎    | 526/1000 [64:26:22<35:17:23, 268.02s/it]
Processing batches:  53%|█████▎    | 527/1000 [64:30:47<35:05:46, 267.12s/it]
Processing batches:  53%|█████▎    | 528/1000 [64:35:13<34:59:29, 266.88s/it]
Processing batches:  53%|█████▎    | 529/1000 [64:39:40<34:54:41, 266.84s/it]
Processing batches:  53%|█████▎    | 530/1000 [64:44:11<34:59:48, 268.06s/it]
Processing batches:  53%|█████▎    | 531/1000 [64:48:43<35:04:57, 269.29s/it]
Processing batches:  53%|█████▎    | 532/1000 [64:53:12<34:59:36, 269.18s/it]
Processing batches:  53%|█████▎    | 533/1000 [64:57:35<34:40:06, 267.25s/it]
Processing batches:  53%|█████▎    | 534/1000 [65:02:02<34:34:56, 267.16s/it]
Processing batches:  54%|█████▎    | 535/1000 [65:06:27<34:25:53, 266.57s/it]
Processing batches:  54%|█████▎    | 536/1000 [65:10:56<34:28:27, 267.47s/it]
Processing batches:  54%|█████▎    | 537/1000 [65:15:24<34:24:35, 267.55s/it]
Processing batches:  54%|█████▍    | 538/1000 [65:19:48<34:11:58, 266.49s/it]
Processing batches:  54%|█████▍    | 539/1000 [65:24:17<34:12:40, 267.16s/it]
Processing batches:  54%|█████▍    | 540/1000 [65:28:47<34:13:49, 267.89s/it]
Processing batches:  54%|█████▍    | 541/1000 [65:33:17<34:14:22, 268.54s/it]
Processing batches:  54%|█████▍    | 542/1000 [65:37:42<34:02:05, 267.52s/it]
Processing batches:  54%|█████▍    | 543/1000 [65:42:13<34:06:47, 268.72s/it]
Processing batches:  54%|█████▍    | 544/1000 [65:46:44<34:06:56, 269.34s/it]
Processing batches:  55%|█████▍    | 545/1000 [65:51:20<34:16:43, 271.22s/it]
Processing batches:  55%|█████▍    | 546/1000 [65:55:43<33:54:58, 268.94s/it]
Processing batches:  55%|█████▍    | 547/1000 [66:00:12<33:50:28, 268.94s/it]
Processing batches:  55%|█████▍    | 548/1000 [66:04:42<33:48:38, 269.29s/it]
Processing batches:  55%|█████▍    | 549/1000 [66:09:10<33:39:42, 268.70s/it]
Processing batches:  55%|█████▌    | 550/1000 [66:13:43<33:45:06, 270.01s/it]
Processing batches:  55%|█████▌    | 551/1000 [66:18:11<33:35:56, 269.39s/it]
Processing batches:  55%|█████▌    | 552/1000 [66:22:41<33:34:08, 269.75s/it]
Processing batches:  55%|█████▌    | 553/1000 [66:27:10<33:26:48, 269.37s/it]
Processing batches:  55%|█████▌    | 554/1000 [66:31:37<33:17:06, 268.67s/it]
Processing batches:  56%|█████▌    | 555/1000 [66:36:05<33:10:42, 268.41s/it]
Processing batches:  56%|█████▌    | 556/1000 [66:40:33<33:05:58, 268.38s/it]
Processing batches:  56%|█████▌    | 557/1000 [66:44:57<32:53:05, 267.24s/it]
Processing batches:  56%|█████▌    | 558/1000 [66:49:28<32:56:00, 268.24s/it]
Processing batches:  56%|█████▌    | 559/1000 [66:53:55<32:49:25, 267.95s/it]
Processing batches:  56%|█████▌    | 560/1000 [66:58:25<32:48:44, 268.47s/it]
Processing batches:  56%|█████▌    | 561/1000 [67:02:56<32:49:12, 269.14s/it]
Processing batches:  56%|█████▌    | 562/1000 [67:07:24<32:42:41, 268.86s/it]
Processing batches:  56%|█████▋    | 563/1000 [67:11:54<32:41:44, 269.35s/it]
Processing batches:  56%|█████▋    | 564/1000 [67:16:25<32:40:10, 269.75s/it]
Processing batches:  56%|█████▋    | 565/1000 [67:20:54<32:33:34, 269.46s/it]
Processing batches:  57%|█████▋    | 566/1000 [67:25:25<32:32:40, 269.95s/it]
Processing batches:  57%|█████▋    | 567/1000 [67:29:55<32:29:25, 270.13s/it]
Processing batches:  57%|█████▋    | 568/1000 [67:34:25<32:24:32, 270.07s/it]
Processing batches:  57%|█████▋    | 569/1000 [67:38:56<32:21:23, 270.26s/it]
Processing batches:  57%|█████▋    | 570/1000 [67:43:27<32:18:03, 270.43s/it]
Processing batches:  57%|█████▋    | 571/1000 [67:47:56<32:11:06, 270.09s/it]
Processing batches:  57%|█████▋    | 572/1000 [67:52:27<32:08:39, 270.37s/it]
Processing batches:  57%|█████▋    | 573/1000 [67:57:01<32:12:13, 271.51s/it]
Processing batches:  57%|█████▋    | 574/1000 [68:01:28<31:57:38, 270.09s/it]
Processing batches:  57%|█████▊    | 575/1000 [68:05:55<31:45:36, 269.03s/it]
Processing batches:  58%|█████▊    | 576/1000 [68:10:23<31:38:50, 268.70s/it]
Processing batches:  58%|█████▊    | 577/1000 [68:14:51<31:33:55, 268.64s/it]
Processing batches:  58%|█████▊    | 578/1000 [68:19:13<31:15:48, 266.70s/it]
Processing batches:  58%|█████▊    | 579/1000 [68:23:45<31:21:40, 268.17s/it]
Processing batches:  58%|█████▊    | 580/1000 [68:28:14<31:19:27, 268.49s/it]
Processing batches:  58%|█████▊    | 581/1000 [68:32:40<31:09:23, 267.69s/it]
Processing batches:  58%|█████▊    | 582/1000 [68:37:09<31:07:03, 268.00s/it]
Processing batches:  58%|█████▊    | 583/1000 [68:41:37<31:02:08, 267.93s/it]
Processing batches:  58%|█████▊    | 584/1000 [68:46:04<30:56:07, 267.71s/it]
Processing batches:  58%|█████▊    | 585/1000 [68:50:30<30:49:20, 267.37s/it]
Processing batches:  59%|█████▊    | 586/1000 [68:54:56<30:40:40, 266.76s/it]
Processing batches:  59%|█████▊    | 587/1000 [68:59:26<30:44:14, 267.93s/it]
Processing batches:  59%|█████▉    | 588/1000 [69:03:53<30:37:01, 267.53s/it]
Processing batches:  59%|█████▉    | 589/1000 [69:08:20<30:32:11, 267.47s/it]
Processing batches:  59%|█████▉    | 590/1000 [69:12:47<30:27:09, 267.39s/it]
Processing batches:  59%|█████▉    | 591/1000 [69:17:10<30:12:17, 265.86s/it]
Processing batches:  59%|█████▉    | 592/1000 [69:21:38<30:13:35, 266.71s/it]
Processing batches:  59%|█████▉    | 593/1000 [69:26:08<30:15:00, 267.57s/it]
Processing batches:  59%|█████▉    | 594/1000 [69:30:37<30:14:18, 268.12s/it]
Processing batches:  60%|█████▉    | 595/1000 [69:35:07<30:13:26, 268.66s/it]
Processing batches:  60%|█████▉    | 596/1000 [69:39:33<30:03:46, 267.89s/it]
Processing batches:  60%|█████▉    | 597/1000 [69:44:03<30:02:25, 268.35s/it]
Processing batches:  60%|█████▉    | 598/1000 [69:48:29<29:52:45, 267.58s/it]
Processing batches:  60%|█████▉    | 599/1000 [69:53:00<29:56:01, 268.73s/it]
Processing batches:  60%|██████    | 600/1000 [69:57:30<29:54:44, 269.21s/it]
Processing batches:  60%|██████    | 601/1000 [70:02:05<30:01:12, 270.86s/it]
Processing batches:  60%|██████    | 602/1000 [70:06:31<29:47:39, 269.50s/it]
Processing batches:  60%|██████    | 603/1000 [70:11:02<29:45:33, 269.86s/it]
Processing batches:  60%|██████    | 604/1000 [70:15:24<29:26:10, 267.60s/it]
Processing batches:  60%|██████    | 605/1000 [70:19:50<29:17:00, 266.89s/it]
Processing batches:  61%|██████    | 606/1000 [70:24:21<29:21:35, 268.26s/it]
Processing batches:  61%|██████    | 607/1000 [70:28:46<29:11:14, 267.37s/it]
Processing batches:  61%|██████    | 608/1000 [70:33:14<29:07:25, 267.46s/it]
Processing batches:  61%|██████    | 609/1000 [70:37:42<29:03:22, 267.53s/it]
Processing batches:  61%|██████    | 610/1000 [70:42:14<29:08:14, 268.96s/it]
Processing batches:  61%|██████    | 611/1000 [70:46:44<29:05:26, 269.22s/it]
Processing batches:  61%|██████    | 612/1000 [70:51:12<28:58:29, 268.84s/it]
Processing batches:  61%|██████▏   | 613/1000 [70:55:37<28:46:00, 267.60s/it]
Processing batches:  61%|██████▏   | 614/1000 [71:00:08<28:48:15, 268.64s/it]
Processing batches:  62%|██████▏   | 615/1000 [71:04:35<28:40:44, 268.17s/it]
Processing batches:  62%|██████▏   | 616/1000 [71:09:00<28:31:32, 267.43s/it]
Processing batches:  62%|██████▏   | 617/1000 [71:13:32<28:34:14, 268.55s/it]
Processing batches:  62%|██████▏   | 618/1000 [71:17:57<28:23:06, 267.50s/it]
Processing batches:  62%|██████▏   | 619/1000 [71:22:27<28:23:54, 268.33s/it]
Processing batches:  62%|██████▏   | 620/1000 [71:26:51<28:10:55, 266.99s/it]
Processing batches:  62%|██████▏   | 621/1000 [71:31:18<28:07:42, 267.18s/it]
Processing batches:  62%|██████▏   | 622/1000 [71:35:41<27:54:54, 265.86s/it]
Processing batches:  62%|██████▏   | 623/1000 [71:40:02<27:41:50, 264.48s/it]
Processing batches:  62%|██████▏   | 624/1000 [71:44:32<27:48:01, 266.17s/it]
Processing batches:  62%|██████▎   | 625/1000 [71:49:02<27:50:21, 267.26s/it]
Processing batches:  63%|██████▎   | 626/1000 [71:53:32<27:50:01, 267.92s/it]
Processing batches:  63%|██████▎   | 627/1000 [71:58:04<27:53:45, 269.24s/it]
Processing batches:  63%|██████▎   | 628/1000 [72:02:29<27:41:12, 267.94s/it]
Processing batches:  63%|██████▎   | 629/1000 [72:06:58<27:38:44, 268.26s/it]
Processing batches:  63%|██████▎   | 630/1000 [72:11:22<27:26:51, 267.06s/it]
Processing batches:  63%|██████▎   | 631/1000 [72:15:45<27:14:56, 265.84s/it]
Processing batches:  63%|██████▎   | 632/1000 [72:20:12<27:12:55, 266.24s/it]
Processing batches:  63%|██████▎   | 633/1000 [72:24:40<27:10:15, 266.53s/it]
Processing batches:  63%|██████▎   | 634/1000 [72:29:06<27:05:22, 266.45s/it]
Processing batches:  64%|██████▎   | 635/1000 [72:33:36<27:07:51, 267.59s/it]
Processing batches:  64%|██████▎   | 636/1000 [72:38:02<26:59:42, 266.98s/it]
Processing batches:  64%|██████▎   | 637/1000 [72:42:31<26:59:16, 267.65s/it]
Processing batches:  64%|██████▍   | 638/1000 [72:46:53<26:44:35, 265.95s/it]
Processing batches:  64%|██████▍   | 639/1000 [72:51:18<26:39:02, 265.77s/it]
Processing batches:  64%|██████▍   | 640/1000 [72:55:46<26:38:08, 266.36s/it]
Processing batches:  64%|██████▍   | 641/1000 [73:00:11<26:30:45, 265.86s/it]
Processing batches:  64%|██████▍   | 642/1000 [73:04:39<26:30:03, 266.49s/it]
Processing batches:  64%|██████▍   | 643/1000 [73:09:06<26:26:43, 266.68s/it]
Processing batches:  64%|██████▍   | 644/1000 [73:13:38<26:32:41, 268.43s/it]
Processing batches:  64%|██████▍   | 645/1000 [73:18:01<26:18:39, 266.81s/it]
Processing batches:  65%|██████▍   | 646/1000 [73:22:23<26:05:58, 265.42s/it]
Processing batches:  65%|██████▍   | 647/1000 [73:26:52<26:06:33, 266.27s/it]
Processing batches:  65%|██████▍   | 648/1000 [73:31:21<26:06:39, 267.04s/it]
Processing batches:  65%|██████▍   | 649/1000 [73:35:50<26:06:15, 267.74s/it]
Processing batches:  65%|██████▌   | 650/1000 [73:40:19<26:03:49, 268.08s/it]
Processing batches:  65%|██████▌   | 651/1000 [73:44:51<26:07:09, 269.43s/it]
Processing batches:  65%|██████▌   | 652/1000 [73:49:18<25:58:08, 268.65s/it]
Processing batches:  65%|██████▌   | 653/1000 [73:53:49<25:57:06, 269.24s/it]
Processing batches:  65%|██████▌   | 654/1000 [73:58:15<25:47:32, 268.36s/it]
Processing batches:  66%|██████▌   | 655/1000 [74:02:46<25:47:02, 269.05s/it]
Processing batches:  66%|██████▌   | 656/1000 [74:07:18<25:48:16, 270.05s/it]
Processing batches:  66%|██████▌   | 657/1000 [74:11:42<25:33:04, 268.18s/it]
Processing batches:  66%|██████▌   | 658/1000 [74:16:13<25:33:04, 268.96s/it]
Processing batches:  66%|██████▌   | 659/1000 [74:20:37<25:20:40, 267.57s/it]
Processing batches:  66%|██████▌   | 660/1000 [74:25:06<25:18:26, 267.96s/it]
Processing batches:  66%|██████▌   | 661/1000 [74:29:35<25:15:30, 268.23s/it]
Processing batches:  66%|██████▌   | 662/1000 [74:33:59<25:04:19, 267.04s/it]
Processing batches:  66%|██████▋   | 663/1000 [74:38:26<24:58:55, 266.87s/it]
Processing batches:  66%|██████▋   | 664/1000 [74:42:55<24:58:37, 267.61s/it]
Processing batches:  66%|██████▋   | 665/1000 [74:47:26<24:59:39, 268.59s/it]
Processing batches:  67%|██████▋   | 666/1000 [74:51:54<24:54:42, 268.51s/it]
Processing batches:  67%|██████▋   | 667/1000 [74:56:21<24:48:19, 268.17s/it]
Processing batches:  67%|██████▋   | 668/1000 [75:00:45<24:35:31, 266.66s/it]
Processing batches:  67%|██████▋   | 669/1000 [75:05:12<24:31:38, 266.76s/it]
Processing batches:  67%|██████▋   | 670/1000 [75:09:44<24:36:33, 268.46s/it]
Processing batches:  67%|██████▋   | 671/1000 [75:14:14<24:34:56, 268.99s/it]
Processing batches:  67%|██████▋   | 672/1000 [75:18:43<24:30:36, 269.01s/it]
Processing batches:  67%|██████▋   | 673/1000 [75:23:09<24:20:07, 267.91s/it]
Processing batches:  67%|██████▋   | 674/1000 [75:27:34<24:11:26, 267.14s/it]
Processing batches:  68%|██████▊   | 675/1000 [75:32:04<24:12:01, 268.07s/it]
Processing batches:  68%|██████▊   | 676/1000 [75:36:32<24:06:34, 267.89s/it]
Processing batches:  68%|██████▊   | 677/1000 [75:41:01<24:04:31, 268.33s/it]
Processing batches:  68%|██████▊   | 678/1000 [75:45:33<24:05:32, 269.36s/it]
Processing batches:  68%|██████▊   | 679/1000 [75:50:00<23:57:04, 268.61s/it]
Processing batches:  68%|██████▊   | 680/1000 [75:54:23<23:44:37, 267.12s/it]
Processing batches:  68%|██████▊   | 681/1000 [75:58:49<23:38:24, 266.78s/it]
Processing batches:  68%|██████▊   | 682/1000 [76:03:24<23:46:49, 269.21s/it]
Processing batches:  68%|██████▊   | 683/1000 [76:07:51<23:38:12, 268.43s/it]
Processing batches:  68%|██████▊   | 684/1000 [76:12:20<23:34:19, 268.54s/it]
Processing batches:  68%|██████▊   | 685/1000 [76:16:50<23:32:06, 268.97s/it]
Processing batches:  69%|██████▊   | 686/1000 [76:21:19<23:28:18, 269.10s/it]
Processing batches:  69%|██████▊   | 687/1000 [76:25:51<23:28:23, 269.98s/it]
Processing batches:  69%|██████▉   | 688/1000 [76:30:23<23:26:20, 270.45s/it]
Processing batches:  69%|██████▉   | 689/1000 [76:34:52<23:20:02, 270.10s/it]
Processing batches:  69%|██████▉   | 690/1000 [76:39:20<23:12:47, 269.57s/it]
Processing batches:  69%|██████▉   | 691/1000 [76:43:46<23:03:06, 268.56s/it]
Processing batches:  69%|██████▉   | 692/1000 [76:48:14<22:57:37, 268.37s/it]
Processing batches:  69%|██████▉   | 693/1000 [76:52:40<22:49:07, 267.58s/it]
Processing batches:  69%|██████▉   | 694/1000 [76:57:06<22:42:47, 267.21s/it]
Processing batches:  70%|██████▉   | 695/1000 [77:01:34<22:39:14, 267.39s/it]
Processing batches:  70%|██████▉   | 696/1000 [77:06:04<22:38:10, 268.06s/it]
Processing batches:  70%|██████▉   | 697/1000 [77:10:28<22:28:18, 266.99s/it]
Processing batches:  70%|██████▉   | 698/1000 [77:14:59<22:29:12, 268.05vscode-remote://ssh-remote%2B172.21.46.135/home/minghui/SCA_with_Ensemble_learning/Result/ASCON_MLP_CNN_ensemble_byte2_ID/models/gv.mlp_cnn_ensemble.ID.npys/it]
Processing batches:  70%|██████▉   | 699/1000 [77:19:29<22:27:04, 268.52s/it]
Processing batches:  70%|███████   | 700/1000 [77:23:59<22:25:50, 269.17s/it]
Processing batches:  70%|███████   | 701/1000 [77:28:25<22:16:08, 268.12s/it]
Processing batches:  70%|███Processing batches:  71%|███████   | 712/1000 [78:17:37<21:27:39, 268.26s/it]Processing batches:  71%|███████▏  | 713/1000 [78:22:09<21:29:07, 269.50s/it]Processing batches:  71%|███████▏  | 714/1000 [78:26:37<21:22:40, 269.09s/it]Processing batches:  72%|███████▏  | 715/1000 [78:31:10<21:22:47, 270.06s/it]Processing batches:  72%|███████▏  | 716/1000 [78:35:44<21:24:38, 271.40s/it]Processing batches:  72%|███████▏  | 717/1000 [78:40:09<21:11:20, 269.54s/it]Processing batches:  72%|███████▏  | 718/1000 [78:44:43<21:12:06, 270.66s/it]Processing batches:  72%|███████▏  | 719/1000 [78:49:15<21:09:58, 271.17s/it]Processing batches:  72%|███████▏  | 720/1000 [78:53:43<21:00:39, 270.14s/it]Processing batches:  72%|███████▏  | 721/1000 [78:58:13<20:56:30, 270.22s/it]Processing batches:  72%|███████▏  | 722/1000 [79:02:46<20:55:54, 271.06s/it]Processing batches:  72%|███████▏  | 723/1000 [79:07:17<20:51:51, 271.16s/it]Processing batches:  72%|███████▏  | 724/1000 [79:11:45<20:42:22, 270.08s/it]Processing batches:  72%|███████▎  | 725/1000 [79:16:18<20:41:32, 270.88s/it]Processing batches:  73%|███████▎  | 726/1000 [79:20:49<20:37:05, 270.90s/it]Processing batches:  73%|███████▎  | 727/1000 [79:25:15<20:25:51, 269.42s/it]Processing batches:  73%|███████▎  | 728/1000 [79:29:40<20:15:41, 268.17s/it]Processing batches:  73%|███████▎  | 729/1000 [79:34:13<20:17:21, 269.53s/it]Processing batches:  73%|███████▎  | 730/1000 [79:38:40<20:09:46, 268.84s/it]Processing batches:  73%|███████▎  | 731/1000 [79:43:16<20:15:43, 271.17s/it]Processing batches:  73%|███████▎  | 732/1000 [79:47:48<20:11:47, 271.30s/it]Processing batches:  73%|███████▎  | 733/1000 [79:52:17<20:04:37, 270.70s/it]Processing batches:  73%|███████▎  | 734/1000 [79:56:47<19:59:02, 270.46s/it]Processing batches:  74%|███████▎  | 735/1000 [80:01:18<19:55:32, 270.69s/it]Processing batches:  74%|███████▎  | 736/1000 [80:05:47<19:48:33, 270.13s/it]Processing batches:  74%|███████▎  | 737/1000 [80:10:18<19:44:38, 270.26s/it]Processing batches:  74%|███████▍  | 738/1000 [80:14:50<19:42:26, 270.79s/it]Processing batches:  74%|███████▍  | 739/1000 [80:19:19<19:35:23, 270.20s/it]Processing batches:  74%|███████▍  | 740/1000 [80:23:50<19:32:45, 270.64s/it]Processing batches:  74%|███████▍  | 741/1000 [80:28:25<19:33:01, 271.74s/it]Processing batches:  74%|███████▍  | 742/1000 [80:32:56<19:28:25, 271.73s/it]Processing batches:  74%|███████▍  | 743/1000 [80:37:24<19:18:24, 270.45s/it]Processing batches:  74%|███████▍  | 744/1000 [80:41:55<19:15:06, 270.73s/it]Processing batches:  74%|███████▍  | 745/1000 [80:46:29<19:14:16, 271.59s/it]Processing batches:  75%|███████▍  | 746/1000 [80:50:55<19:03:21, 270.09s/it]Processing batches:  75%|███████▍  | 747/1000 [80:55:29<19:03:47, 271.26s/it]Processing batches:  75%|███████▍  | 748/1000 [81:00:01<18:59:48, 271.38s/it]Processing batches:  75%|███████▍  | 749/1000 [81:04:35<18:58:27, 272.14s/it]Processing batches:  75%|███████▌  | 750/1000 [81:09:13<19:00:58, 273.84s/it]Processing batches:  75%|███████▌  | 751/1000 [81:13:43<18:51:45, 272.71s/it]Processing batches:  75%|███████▌  | 752/1000 [81:18:17<18:48:51, 273.11s/it]Processing batches:  75%|███████▌  | 753/1000 [81:22:49<18:43:11, 272.84s/it]Processing batches:  75%|███████▌  | 754/1000 [81:27:18<18:33:43, 271.64s/it]Processing batches:  76%|███████▌  | 755/1000 [81:31:53<18:33:54, 272.79s/it]Processing batches:  76%|███████▌  | 756/1000 [81:36:24<18:26:02, 271.98s/it]Processing batches:  76%|███████▌  | 757/1000 [81:41:00<18:27:29, 273.45s/it]Processing batches:  76%|███████▌  | 758/1000 [81:45:33<18:22:04, 273.24s/it]Processing batches:  76%|███████▌  | 759/1000 [81:50:06<18:17:33, 273.25s/it]Processing batches:  76%|███████▌  | 760/1000 [81:54:37<18:10:10, 272.54s/it]Processing batches:  76%|███████▌  | 761/1000 [81:59:08<18:02:54, 271.86s/it]Processing batches:  76%|███████▌  | 762/1000 [82:03:43<18:03:02, 273.03s/it]Processing batches:  76%|███████▋  | 763/1000 [82:08:12<17:53:10, 271.69s/it]Processing batches:  76%|███████▋  | 764/1000 [82:12:46<17:50:53, 272.26s/it]Processing batches:  76%|███████▋  | 765/1000 [82:17:14<17:42:25, 271.26s/it]Processing batches:  77%|███████▋  | 766/1000 [82:21:47<17:39:21, 271.63s/it]Processing batches:  77%|███████▋  | 767/1000 [82:26:13<17:28:10, 269.92s/it]Processing batches:  77%|███████▋  | 768/1000 [82:30:39<17:18:48, 268.66s/it]Processing batches:  77%|███████▋  | 769/1000 [82:35:07<17:14:36, 268.73s/it]Processing batches:  77%|███████▋  | 770/1000 [82:39:35<17:09:05, 268.46s/it]Processing batches:  77%|███████▋  | 771/1000 [82:44:04<17:04:47, 268.51s/it]Processing batches:  77%|███████▋  | 772/1000 [82:48:29<16:56:44, 267.56s/it]Processing batches:  77%|███████▋  | 773/1000 [82:52:59<16:55:01, 268.29s/it]Processing batches:  77%|███████▋  | 774/1000 [82:57:30<16:53:27, 269.06s/it]Processing batches:  78%|███████▊  | 775/1000 [83:01:58<16:47:36, 268.70s/it]Processing batches:  78%|███████▊  | 776/1000 [83:06:29<16:45:24, 269.30s/it]Processing batches:  78%|███████▊  | 777/1000 [83:10:58<16:41:11, 269.38s/it]Processing batches:  78%|███████▊  | 778/1000 [83:15:27<16:35:58, 269.18s/it]Processing batches:  78%|███████▊  | 779/1000 [83:19:56<16:31:02, 269.06s/it]Processing batches:  78%|███████▊  | 780/1000 [83:24:24<16:25:47, 268.85s/it]Processing batches:  78%|███████▊  | 781/1000 [83:28:51<16:19:37, 268.39s/it]Processing batches:  78%|███████▊  | 782/1000 [83:33:19<16:13:57, 268.06s/it]Processing batches:  78%|███████▊  | 783/1000 [83:37:46<16:09:07, 267.96s/it]Processing batches:  78%|███████▊  | 784/1000 [83:42:18<16:08:50, 269.12s/it]Processing batches:  78%|███████▊  | 785/1000 [83:46:48<16:05:02, 269.31s/it]Processing batches:  79%|███████▊  | 786/1000 [83:51:12<15:55:05, 267.78s/it]Processing batches:  79%|███████▊  | 787/1000 [83:55:44<15:54:40, 268.92s/it]Processing batches:  79%|███████▉  | 788/1000 [84:00:13<15:50:59, 269.15s/it]Processing batches:  79%|███████▉  | 789/1000 [84:04:46<15:49:48, 270.09s/it]Processing batches:  79%|███████▉  | 790/1000 [84:09:14<15:43:13, 269.49s/it]Processing batches:  79%|███████▉  | 791/1000 [84:13:40<15:35:01, 268.43s/it]Processing batches:  79%|███████▉  | 792/1000 [84:18:09<15:31:41, 268.76s/it]Processing batches:  79%|███████▉  | 793/1000 [84:22:39<15:28:36, 269.16s/it]Processing batches:  79%|███████▉  | 794/1000 [84:27:11<15:26:43, 269.92s/it]Processing batches:  80%|███████▉  | 795/1000 [84:31:43<15:24:40, 270.64s/it]Processing batches:  80%|███████▉  | 796/1000 [84:36:16<15:21:45, 271.10s/it]Processing batches:  80%|███████▉  | 797/1000 [84:40:50<15:20:35, 272.10s/it]Processing batches:  80%|███████▉  | 798/1000 [84:45:21<15:15:06, 271.82s/it]Processing batches:  80%|███████▉  | 799/1000 [84:49:54<15:11:35, 272.12s/it]Processing batches:  80%|████████  | 800/1000 [84:54:24<15:04:58, 271.49s/it]Processing batches:  80%|████████  | 801/1000 [84:58:56<15:00:56, 271.64s/it]Processing batches:  80%|████████  | 802/1000 [85:03:25<14:53:26, 270.74s/it]Processing batches:  80%|████████  | 803/1000 [85:07:59<14:52:12, 271.74s/it]Processing batches:  80%|████████  | 804/1000 [85:12:31<14:47:49, 271.78s/it]Processing batches:  80%|████████  | 805/1000 [85:17:00<14:40:30, 270.92s/it]Processing batches:  81%|████████  | 806/1000 [85:21:32<14:37:33, 271.41s/it]Processing batches:  81%|████████  | 807/1000 [85:25:59<14:28:31, 270.01s/it]Processing batches:  81%|████████  | 808/1000 [85:30:30<14:25:18, 270.41s/it]Processing batches:  81%|████████  | 809/1000 [85:35:00<14:20:38, 270.36s/it]Processing batches:  81%|████████  | 810/1000 [85:39:30<14:15:10, 270.06s/it]Processing batches:  81%|████████  | 811/1000 [85:44:01<14:12:01, 270.49s/it]Processing batches:  81%|████████  | 812/1000 [85:48:37<14:12:28, 272.07s/it]Processing batches:  81%|████████▏ | 813/1000 [85:53:04<14:03:37, 270.68s/it]Processing batches:  81%|████████▏ | 814/1000 [85:57:35<13:59:22, 270.77s/it]Processing batches:  82%|████████▏ | 815/1000 [86:02:09<13:57:02, 271.47s/it]Processing batches:  82%|████████▏ | 816/1000 [86:06:39<13:51:39, 271.19s/it]Processing batches:  82%|████████▏ | 817/1000 [86:11:12<13:48:24, 271.61s/it]Processing batches:  82%|████████▏ | 818/1000 [86:15:41<13:42:04, 271.01s/it]Processing batches:  82%|████████▏ | 819/1000 [86:20:11<13:35:56, 270.48s/it]Processing batches:  82%|████████▏ | 820/1000 [86:24:40<13:30:09, 270.05s/it]Processing batches:  82%|████████▏ | 821/1000 [86:29:02<13:18:27, 267.64s/it]Processing batches:  82%|████████▏ | 822/1000 [86:33:30<13:14:48, 267.91s/it]Processing batches:  82%|████████▏ | 823/1000 [86:38:05<13:16:51, 270.12s/it]Processing batches:  82%|████████▏ | 824/1000 [86:42:43<13:18:40, 272.27s/it]Processing batches:  82%|████████▎ | 825/1000 [86:47:15<13:13:51, 272.18s/it]Processing batches:  83%|████████▎ | 826/1000 [86:51:46<13:08:52, 272.03s/it]Processing batches:  83%|████████▎ | 827/1000 [86:56:12<12:59:01, 270.18s/it]Processing batches:  83%|████████▎ | 828/1000 [87:00:48<12:59:12, 271.82s/it]Processing batches:  83%|████████▎ | 829/1000 [87:05:23<12:57:29, 272.81s/it]Processing batches:  83%|████████▎ | 830/1000 [87:09:51<12:48:49, 271.35s/it]Processing batches:  83%|████████▎ | 831/1000 [87:14:18<12:40:15, 269.92s/it]Processing batches:  83%|████████▎ | 832/1000 [87:18:46<12:34:55, 269.61s/it]Processing batches:  83%|████████▎ | 833/1000 [87:23:15<12:29:19, 269.22s/it]Processing batches:  83%|████████▎ | 834/1000 [87:27:42<12:23:00, 268.56s/it]Processing batches:  84%|████████▎ | 835/1000 [87:32:10<12:18:32, 268.56s/it]Processing batches:  84%|████████▎ | 836/1000 [87:36:42<12:16:38, 269.51s/it]Processing batches:  84%|████████▎ | 837/1000 [87:41:10<12:11:00, 269.08s/it]Processing batches:  84%|████████▍ | 838/1000 [87:45:36<12:04:08, 268.20s/it]Processing batches:  84%|████████▍ | 839/1000 [87:50:03<11:58:47, 267.87s/it]Processing batches:  84%|████████▍ | 840/1000 [87:54:31<11:54:28, 267.93s/it]Processing batches:  84%|████████▍ | 841/1000 [87:59:07<11:55:54, 270.15s/it]Processing batches:  84%|████████▍ | 842/1000 [88:03:36<11:50:48, 269.93s/it]Processing batches:  84%|████████▍ | 843/1000 [88:08:04<11:44:54, 269.39s/it]Processing batches:  84%|████████▍ | 844/1000 [88:12:34<11:40:49, 269.55s/it]Processing batches:  84%|████████▍ | 845/1000 [88:17:02<11:34:44, 268.93s/it]Processing batches:  85%|████████▍ | 846/1000 [88:21:33<11:32:10, 269.68s/it]Processing batches:  85%|████████▍ | 847/1000 [88:25:59<11:25:04, 268.66s/it]Processing batches:  85%|████████▍ | 848/1000 [88:30:32<11:23:14, 269.70s/it]Processing batches:  85%|████████▍ | 849/1000 [88:34:58<11:16:38, 268.86s/it]Processing batches:  85%|████████▌ | 850/1000 [88:39:27<11:12:08, 268.86s/it]Processing batches:  85%|████████▌ | 851/1000 [88:43:57<11:08:19, 269.12s/it]Processing batches:  85%|████████▌ | 852/1000 [88:48:30<11:07:01, 270.41s/it]Processing batches:  85%|████████▌ | 853/1000 [88:52:59<11:01:00, 269.80s/it]Processing batches:  85%|████████▌ | 854/1000 [88:57:27<10:55:39, 269.45s/it]Processing batches:  86%|████████▌ | 855/1000 [89:01:57<10:50:53, 269.33s/it]Processing batches:  86%|████████▌ | 856/1000 [89:06:26<10:46:44, 269.48s/it]Processing batches:  86%|████████▌ | 857/1000 [89:10:52<10:39:43, 268.41s/it]Processing batches:  86%|████████▌ | 858/1000 [89:15:25<10:38:36, 269.84s/it]Processing batches:  86%|████████▌ | 859/1000 [89:19:50<10:30:31, 268.31s/it]Processing batches:  86%|████████▌ | 860/1000 [89:24:21<10:27:48, 269.06s/it]Processing batches:  86%|████████▌ | 861/1000 [89:28:49<10:22:46, 268.83s/it]Processing batches:  86%|████████▌ | 862/1000 [89:33:14<10:15:39, 267.68s/it]Processing batches:  86%|████████▋ | 863/1000 [89:37:43<10:11:46, 267.93s/it]Processing batches:  86%|████████▋ | 864/1000 [89:42:16<10:10:38, 269.40s/it]Processing batches:  86%|████████▋ | 865/1000 [89:46:45<10:06:11, 269.42s/it]Processing batches:  87%|████████▋ | 866/1000 [89:51:16<10:02:46, 269.90s/it]Processing batches:  87%|████████▋ | 867/1000 [89:55:43<9:56:05, 268.91s/it] Processing batches:  87%|████████▋ | 868/1000 [90:00:12<9:51:33, 268.89s/it]Processing batches:  87%|████████▋ | 869/1000 [90:04:43<9:48:28, 269.53s/it]Processing batches:  87%|████████▋ | 870/1000 [90:09:06<9:40:08, 267.76s/it]Processing batches:  87%|████████▋ | 871/1000 [90:13:39<9:38:56, 269.27s/it]Processing batches:  87%|████████▋ | 872/1000 [90:18:07<9:33:33, 268.86s/it]Processing batches:  87%|████████▋ | 873/1000 [90:22:34<9:28:09, 268.42s/it]Processing batches:  87%|████████▋ | 874/1000 [90:27:06<9:25:31, 269.30s/it]Processing batches:  88%|████████▊ | 875/1000 [90:31:39<9:23:23, 270.43s/it]Processing batches:  88%|████████▊ | 876/1000 [90:36:05<9:16:24, 269.23s/it]Processing batches:  88%|████████▊ | 877/1000 [90:40:34<9:11:27, 269.00s/it]Processing batches:  88%|████████▊ | 878/1000 [90:45:03<9:07:08, 269.09s/it]Processing batches:  88%|████████▊ | 879/1000 [90:49:32<9:02:46, 269.14s/it]Processing batches:  88%|████████▊ | 880/1000 [90:53:57<8:55:47, 267.89s/it]Processing batches:  88%|████████▊ | 881/1000 [90:58:22<8:49:46, 267.11s/it]Processing batches:  88%|████████▊ | 882/1000 [91:02:50<8:45:41, 267.30s/it]Processing batches:  88%|████████▊ | 883/1000 [91:07:20<8:42:58, 268.19s/it]Processing batches:  88%|████████▊ | 884/1000 [91:11:48<8:38:02, 267.96s/it]Processing batches:  88%|████████▊ | 885/1000 [91:16:17<8:34:16, 268.32s/it]Processing batches:  89%|████████▊ | 886/1000 [91:20:46<8:30:08, 268.49s/it]Processing batches:  89%|████████▊ | 887/1000 [91:25:22<8:29:54, 270.75s/it]Processing batches:  89%|████████▉ | 888/1000 [91:29:53<8:25:26, 270.77s/it]Processing batches:  89%|████████▉ | 889/1000 [91:34:21<8:19:38, 270.08s/it]Processing batches:  89%|████████▉ | 890/1000 [91:38:49<8:13:43, 269.30s/it]Processing batches:  89%|████████▉ | 891/1000 [91:43:19<8:09:44, 269.58s/it]Processing batches:  89%|████████▉ | 892/1000 [91:47:50<8:05:59, 269.99s/it]Processing batches:  89%|████████▉ | 893/1000 [91:52:18<8:00:34, 269.48s/it]Processing batches:  89%|████████▉ | 894/1000 [91:56:45<7:54:55, 268.83s/it]Processing batches:  90%|████████▉ | 895/1000 [92:01:10<7:48:00, 267.44s/it]Processing batches:  90%|████████▉ | 896/1000 [92:05:44<7:46:56, 269.39s/it]Processing batches:  90%|████████▉ | 897/1000 [92:10:15<7:43:27, 269.97s/it]Processing batches:  90%|████████▉ | 898/1000 [92:14:44<7:38:16, 269.57s/it]Processing batches:  90%|████████▉ | 899/1000 [92:19:14<7:34:26, 269.96s/it]Processing batches:  90%|█████████ | 900/1000 [92:23:40<7:27:41, 268.62s/it]Processing batches:  90%|█████████ | 901/1000 [92:28:12<7:24:43, 269.53s/it]Processing batches:  90%|█████████ | 902/1000 [92:32:45<7:22:22, 270.84s/it]Processing batches:  90%|█████████ | 903/1000 [92:37:14<7:16:35, 270.06s/it]Processing batches:  90%|█████████ | 904/1000 [92:41:46<7:13:01, 270.65s/it]Processing batches:  90%|█████████ | 905/1000 [92:46:15<7:07:48, 270.19s/it]Processing batches:  91%|█████████ | 906/1000 [92:50:48<7:04:44, 271.11s/it]Processing batches:  91%|█████████ | 907/1000 [92:55:15<6:58:27, 269.97s/it]Processing batches:  91%|█████████ | 908/1000 [92:59:44<6:53:26, 269.64s/it]Processing batches:  91%|█████████ | 909/1000 [93:04:15<6:49:24, 269.94s/it]Processing batches:  91%|█████████ | 910/1000 [93:08:44<6:44:40, 269.78s/it]Processing batches:  91%|█████████ | 911/1000 [93:13:17<6:41:19, 270.56s/it]Processing batches:  91%|█████████ | 912/1000 [93:17:47<6:36:31, 270.36s/it]Processing batches:  91%|█████████▏| 913/1000 [93:22:22<6:34:16, 271.91s/it]Processing batches:  91%|█████████▏| 914/1000 [93:26:53<6:29:07, 271.49s/it]Processing batches:  92%|█████████▏| 915/1000 [93:31:27<6:25:42, 272.26s/it]Processing batches:  92%|█████████▏| 916/1000 [93:35:51<6:17:54, 269.93s/it]Processing batches:  92%|█████████▏| 917/1000 [93:40:20<6:12:50, 269.53s/it]Processing batches:  92%|█████████▏| 918/1000 [93:44:49<6:08:20, 269.52s/it]Processing batches:  92%|█████████▏| 919/1000 [93:49:24<6:06:07, 271.20s/it]Processing batches:  92%|█████████▏| 920/1000 [93:53:54<6:01:04, 270.81s/it]Processing batches:  92%|█████████▏| 921/1000 [93:58:23<5:55:55, 270.32s/it]Processing batches:  92%|█████████▏| 922/1000 [94:02:50<5:50:04, 269.28s/it]Processing batches:  92%|█████████▏| 923/1000 [94:07:20<5:45:52, 269.51s/it]Processing batches:  92%|█████████▏| 924/1000 [94:11:50<5:41:17, 269.44s/it]Processing batches:  92%|█████████▎| 925/1000 [94:16:18<5:36:16, 269.02s/it]Processing batches:  93%|█████████▎| 926/1000 [94:20:50<5:33:09, 270.13s/it]Processing batches:  93%|█████████▎| 927/1000 [94:25:25<5:30:09, 271.36s/it]Processing batches:  93%|█████████▎| 928/1000 [94:29:56<5:25:35, 271.32s/it]Processing batches:  93%|█████████▎| 929/1000 [94:34:26<5:20:36, 270.93s/it]Processing batches:  93%|█████████▎| 930/1000 [94:38:57<5:16:15, 271.08s/it]Processing batches:  93%|█████████▎| 931/1000 [94:43:32<5:12:53, 272.07s/it]Processing batches:  93%|█████████▎| 932/1000 [94:47:58<5:06:32, 270.47s/it]Processing batches:  93%|█████████▎| 933/1000 [94:52:30<5:02:18, 270.73s/it]Processing batches:  93%|█████████▎| 934/1000 [94:57:06<4:59:36, 272.38s/it]Processing batches:  94%|█████████▎| 935/1000 [95:01:38<4:55:01, 272.34s/it]Processing batches:  94%|█████████▎| 936/1000 [95:06:04<4:48:19, 270.31s/it]Processing batches:  94%|█████████▎| 937/1000 [95:10:35<4:44:14, 270.71s/it]Processing batches:  94%|█████████▍| 938/1000 [95:15:03<4:38:44, 269.75s/it]Processing batches:  94%|█████████▍| 939/1000 [95:19:35<4:34:59, 270.49s/it]Processing batches:  94%|█████████▍| 940/1000 [95:24:06<4:30:26, 270.44s/it]Processing batches:  94%|█████████▍| 941/1000 [95:28:45<4:28:40, 273.23s/it]Processing batches:  94%|█████████▍| 942/1000 [95:33:15<4:23:01, 272.09s/it]Processing batches:  94%|█████████▍| 943/1000 [95:37:45<4:17:54, 271.48s/it]Processing batches:  94%|█████████▍| 944/1000 [95:42:13<4:12:27, 270.50s/it]Processing batches:  94%|█████████▍| 945/1000 [95:46:45<4:08:20, 270.91s/it]Processing batches:  95%|█████████▍| 946/1000 [95:51:15<4:03:32, 270.60s/it]Processing batches:  95%|█████████▍| 947/1000 [95:55:48<3:59:42, 271.36s/it]Processing batches:  95%|█████████▍| 948/1000 [96:00:21<3:55:44, 272.01s/it]Processing batches:  95%|█████████▍| 949/1000 [96:04:50<3:50:15, 270.89s/it]Processing batches:  95%|█████████▌| 950/1000 [96:09:16<3:44:35, 269.51s/it]Processing batches:  95%|█████████▌| 951/1000 [96:13:43<3:39:37, 268.92s/it]Processing batches:  95%|█████████▌| 952/1000 [96:18:13<3:35:23, 269.23s/it]Processing batches:  95%|█████████▌| 953/1000 [96:22:44<3:31:08, 269.55s/it]Processing batches:  95%|█████████▌| 954/1000 [96:27:12<3:26:16, 269.06s/it]Processing batches:  96%|█████████▌| 955/1000 [96:31:45<3:22:40, 270.24s/it]Processing batches:  96%|█████████▌| 956/1000 [96:36:15<3:18:06, 270.14s/it]Processing batches:  96%|█████████▌| 957/1000 [96:40:48<3:14:13, 271.01s/it]Processing batches:  96%|█████████▌| 958/1000 [96:45:24<3:10:45, 272.52s/it]Processing batches:  96%|█████████▌| 959/1000 [96:49:52<3:05:20, 271.24s/it]Processing batches:  96%|█████████▌| 960/1000 [96:54:21<3:00:27, 270.68s/it]Processing batches:  96%|█████████▌| 961/1000 [96:58:53<2:56:03, 270.85s/it]Processing batches:  96%|█████████▌| 962/1000 [97:03:23<2:51:31, 270.84s/it]Processing batches:  96%|█████████▋| 963/1000 [97:07:55<2:47:12, 271.14s/it]Processing batches:  96%|█████████▋| 964/1000 [97:12:22<2:41:49, 269.70s/it]Processing batches:  96%|█████████▋| 965/1000 [97:16:53<2:37:36, 270.18s/it]Processing batches:  97%|█████████▋| 966/1000 [97:21:22<2:33:00, 270.01s/it]Processing batches:  97%|█████████▋| 967/1000 [97:25:53<2:28:32, 270.09s/it]Processing batches:  97%|█████████▋| 968/1000 [97:30:21<2:23:50, 269.69s/it]Processing batches:  97%|█████████▋| 969/1000 [97:34:53<2:19:33, 270.11s/it]Processing batches:  97%|█████████▋| 970/1000 [97:39:24<2:15:11, 270.40s/it]Processing batches:  97%|█████████▋| 971/1000 [97:43:55<2:10:46, 270.58s/it]Processing batches:  97%|█████████▋| 972/1000 [97:48:26<2:06:18, 270.67s/it]Processing batches:  97%|█████████▋| 973/1000 [97:52:58<2:01:58, 271.07s/it]Processing batches:  97%|█████████▋| 974/1000 [97:57:29<1:57:28, 271.08s/it]Processing batches:  98%|█████████▊| 975/1000 [98:01:53<1:52:05, 269.02s/it]Processing batches:  98%|█████████▊| 976/1000 [98:06:22<1:47:38, 269.12s/it]Processing batches:  98%|█████████▊| 977/1000 [98:10:48<1:42:49, 268.25s/it]Processing batches:  98%|█████████▊| 978/1000 [98:15:22<1:38:54, 269.77s/it]Processing batches:  98%|█████████▊| 979/1000 [98:19:52<1:34:30, 270.02s/it]Processing batches:  98%|█████████▊| 980/1000 [98:24:29<1:30:37, 271.89s/it]Processing batches:  98%|█████████▊| 981/1000 [98:29:00<1:26:03, 271.76s/it]Processing batches:  98%|█████████▊| 982/1000 [98:33:30<1:21:21, 271.18s/it]Processing batches:  98%|█████████▊| 983/1000 [98:38:04<1:17:03, 271.97s/it]Processing batches:  98%|█████████▊| 984/1000 [98:42:33<1:12:19, 271.23s/it]Processing batches:  98%|█████████▊| 985/1000 [98:47:00<1:07:26, 269.77s/it]Processing batches:  99%|█████████▊| 986/1000 [98:51:29<1:02:55, 269.67s/it]Processing batches:  99%|█████████▊| 987/1000 [98:55:56<58:15, 268.87s/it]  Processing batches:  99%|█████████▉| 988/1000 [99:00:29<54:00, 270.00s/it]Processing batches:  99%|█████████▉| 989/1000 [99:04:57<49:25, 269.60s/it]Processing batches:  99%|█████████▉| 990/1000 [99:09:24<44:48, 268.85s/it]Processing batches:  99%|█████████▉| 991/1000 [99:13:56<40:26, 269.59s/it]Processing batches:  99%|█████████▉| 992/1000 [99:18:31<36:11, 271.38s/it]Processing batches:  99%|█████████▉| 993/1000 [99:23:05<31:44, 272.09s/it]Processing batches:  99%|█████████▉| 994/1000 [99:27:35<27:09, 271.56s/it]Processing batches: 100%|█████████▉| 995/1000 [99:32:09<22:41, 272.28s/it]Processing batches: 100%|█████████▉| 996/1000 [99:36:38<18:04, 271.19s/it]Processing batches: 100%|█████████▉| 997/1000 [99:41:06<13:30, 270.11s/it]Processing batches: 100%|█████████▉| 998/1000 [99:45:35<09:00, 270.03s/it]Processing batches: 100%|█████████▉| 999/1000 [99:50:07<04:30, 270.53s/it]Processing batches: 100%|██████████| 1000/1000 [99:54:34<00:00, 269.51s/it]Processing batches: 100%|██████████| 1000/1000 [99:54:34<00:00, 359.67s/it]
The average execution time is 359.66 seconds per batch.
The total execution time for inference is 359660.83 seconds.
Calculating accuracy...
Test accuracy: 0.8030
Predictions saved to decrypted_predictions.npy

Total execution time: 359685.24 seconds
